[06-Jul-2020 17:33:45 UTC] PHP Deprecated:  Theme ohne sidebar.php ist seit Version 3.0.0 <strong>veraltet</strong>. Es ist keine Alternative erhältlich. Bitte fügen Sie ein sidebar.php-Template zu Ihrem Theme hinzu. in D:\xampp\htdocs\wp-includes\functions.php on line 4913
[06-Jul-2020 17:33:56 UTC] PHP Deprecated:  Theme ohne sidebar.php ist seit Version 3.0.0 <strong>veraltet</strong>. Es ist keine Alternative erhältlich. Bitte fügen Sie ein sidebar.php-Template zu Ihrem Theme hinzu. in D:\xampp\htdocs\wp-includes\functions.php on line 4913
[06-Jul-2020 17:34:19 UTC] PHP Deprecated:  Theme ohne sidebar.php ist seit Version 3.0.0 <strong>veraltet</strong>. Es ist keine Alternative erhältlich. Bitte fügen Sie ein sidebar.php-Template zu Ihrem Theme hinzu. in D:\xampp\htdocs\wp-includes\functions.php on line 4913
[06-Jul-2020 17:34:21 UTC] PHP Deprecated:  Theme ohne sidebar.php ist seit Version 3.0.0 <strong>veraltet</strong>. Es ist keine Alternative erhältlich. Bitte fügen Sie ein sidebar.php-Template zu Ihrem Theme hinzu. in D:\xampp\htdocs\wp-includes\functions.php on line 4913
[06-Jul-2020 17:34:24 UTC] PHP Deprecated:  Theme ohne sidebar.php ist seit Version 3.0.0 <strong>veraltet</strong>. Es ist keine Alternative erhältlich. Bitte fügen Sie ein sidebar.php-Template zu Ihrem Theme hinzu. in D:\xampp\htdocs\wp-includes\functions.php on line 4913
[06-Jul-2020 17:34:25 UTC] PHP Deprecated:  Theme ohne sidebar.php ist seit Version 3.0.0 <strong>veraltet</strong>. Es ist keine Alternative erhältlich. Bitte fügen Sie ein sidebar.php-Template zu Ihrem Theme hinzu. in D:\xampp\htdocs\wp-includes\functions.php on line 4913
[06-Jul-2020 18:40:30 UTC] PHP Warning:  require(D:\xampp\htdocs/wp-content/themes/hueppi/inc/custom-header.php): failed to open stream: No such file or directory in D:\xampp\htdocs\wp-content\themes\hueppi\functions.php on line 160
[06-Jul-2020 18:40:30 UTC] PHP Fatal error:  require(): Failed opening required 'D:\xampp\htdocs/wp-content/themes/hueppi/inc/custom-header.php' (include_path='D:\xampp\php\PEAR') in D:\xampp\htdocs\wp-content\themes\hueppi\functions.php on line 160
[06-Jul-2020 18:40:30 UTC] PHP Warning:  require(D:\xampp\htdocs\wp-content\themes\hueppi\inc\custom-header.php): failed to open stream: No such file or directory in D:\xampp\htdocs\wp-content\themes\hueppi\functions.php on line 160
[06-Jul-2020 18:40:30 UTC] PHP Fatal error:  require(): Failed opening required 'D:\xampp\htdocs/wp-content/themes/hueppi/inc/custom-header.php' (include_path='D:\xampp\php\PEAR') in D:\xampp\htdocs\wp-content\themes\hueppi\functions.php on line 160
[06-Jul-2020 18:42:02 UTC] PHP Deprecated:  Theme ohne header.php ist seit Version 3.0.0 <strong>veraltet</strong>. Es ist keine Alternative erhältlich. Bitte fügen Sie ein header.php-Template zu Ihrem Theme hinzu. in D:\xampp\htdocs\wp-includes\functions.php on line 4913
[06-Jul-2020 18:42:02 UTC] PHP Deprecated:  Theme ohne footer.php ist seit Version 3.0.0 <strong>veraltet</strong>. Es ist keine Alternative erhältlich. Bitte fügen Sie ein footer.php-Template zu Ihrem Theme hinzu. in D:\xampp\htdocs\wp-includes\functions.php on line 4913
[06-Jul-2020 18:42:23 UTC] PHP Deprecated:  Theme ohne header.php ist seit Version 3.0.0 <strong>veraltet</strong>. Es ist keine Alternative erhältlich. Bitte fügen Sie ein header.php-Template zu Ihrem Theme hinzu. in D:\xampp\htdocs\wp-includes\functions.php on line 4913
[06-Jul-2020 18:42:23 UTC] PHP Deprecated:  Theme ohne footer.php ist seit Version 3.0.0 <strong>veraltet</strong>. Es ist keine Alternative erhältlich. Bitte fügen Sie ein footer.php-Template zu Ihrem Theme hinzu. in D:\xampp\htdocs\wp-includes\functions.php on line 4913
[07-Jul-2020 08:50:19 UTC] PHP Parse error:  syntax error, unexpected ';' in D:\xampp\htdocs\wp-content\themes\hueppi\functions.php on line 3
[07-Jul-2020 08:50:20 UTC] PHP Parse error:  syntax error, unexpected ';' in D:\xampp\htdocs\wp-content\themes\hueppi\functions.php on line 3
[07-Jul-2020 08:50:31 UTC] PHP Parse error:  syntax error, unexpected 'wp_enqueue_style' (T_STRING) in D:\xampp\htdocs\wp-content\themes\hueppi\functions.php on line 4
[07-Jul-2020 08:50:31 UTC] PHP Parse error:  syntax error, unexpected 'wp_enqueue_style' (T_STRING) in D:\xampp\htdocs\wp-content\themes\hueppi\functions.php on line 4
[07-Jul-2020 08:51:03 UTC] PHP Parse error:  syntax error, unexpected 'wp_enqueue_style' (T_STRING) in D:\xampp\htdocs\wp-content\themes\hueppi\functions.php on line 4
[07-Jul-2020 08:51:04 UTC] PHP Parse error:  syntax error, unexpected 'wp_enqueue_style' (T_STRING) in D:\xampp\htdocs\wp-content\themes\hueppi\functions.php on line 4
[07-Jul-2020 08:53:51 UTC] PHP Parse error:  syntax error, unexpected ';' in D:\xampp\htdocs\wp-content\themes\hueppi\functions.php on line 5
[07-Jul-2020 08:53:51 UTC] PHP Parse error:  syntax error, unexpected ';' in D:\xampp\htdocs\wp-content\themes\hueppi\functions.php on line 5
[07-Jul-2020 08:54:26 UTC] PHP Notice:  wp_register_style wurde <strong>fehlerhaft aufgerufen</strong>. Skripte und Styles sollten nicht vor den Hooks <code>wp_enqueue_scripts</code>, <code>admin_enqueue_scripts</code> oder <code>login_enqueue_scripts</code> registriert oder eingebunden werden. Weitere Informationen: <a href="https://wordpress.org/support/article/debugging-in-wordpress/">Debugging in WordPress (engl.)</a> (Diese Meldung wurde in Version 3.3.0 hinzugefügt.) in D:\xampp\htdocs\wp-includes\functions.php on line 5167
[07-Jul-2020 08:54:26 UTC] PHP Notice:  wp_enqueue_style wurde <strong>fehlerhaft aufgerufen</strong>. Skripte und Styles sollten nicht vor den Hooks <code>wp_enqueue_scripts</code>, <code>admin_enqueue_scripts</code> oder <code>login_enqueue_scripts</code> registriert oder eingebunden werden. Weitere Informationen: <a href="https://wordpress.org/support/article/debugging-in-wordpress/">Debugging in WordPress (engl.)</a> (Diese Meldung wurde in Version 3.3.0 hinzugefügt.) in D:\xampp\htdocs\wp-includes\functions.php on line 5167
[07-Jul-2020 08:54:26 UTC] PHP Notice:  wp_register_style wurde <strong>fehlerhaft aufgerufen</strong>. Skripte und Styles sollten nicht vor den Hooks <code>wp_enqueue_scripts</code>, <code>admin_enqueue_scripts</code> oder <code>login_enqueue_scripts</code> registriert oder eingebunden werden. Weitere Informationen: <a href="https://wordpress.org/support/article/debugging-in-wordpress/">Debugging in WordPress (engl.)</a> (Diese Meldung wurde in Version 3.3.0 hinzugefügt.) in D:\xampp\htdocs\wp-includes\functions.php on line 5167
[07-Jul-2020 08:54:26 UTC] PHP Notice:  wp_enqueue_style wurde <strong>fehlerhaft aufgerufen</strong>. Skripte und Styles sollten nicht vor den Hooks <code>wp_enqueue_scripts</code>, <code>admin_enqueue_scripts</code> oder <code>login_enqueue_scripts</code> registriert oder eingebunden werden. Weitere Informationen: <a href="https://wordpress.org/support/article/debugging-in-wordpress/">Debugging in WordPress (engl.)</a> (Diese Meldung wurde in Version 3.3.0 hinzugefügt.) in D:\xampp\htdocs\wp-includes\functions.php on line 5167
[07-Jul-2020 08:54:26 UTC] PHP Notice:  wp_register_style wurde <strong>fehlerhaft aufgerufen</strong>. Skripte und Styles sollten nicht vor den Hooks <code>wp_enqueue_scripts</code>, <code>admin_enqueue_scripts</code> oder <code>login_enqueue_scripts</code> registriert oder eingebunden werden. Weitere Informationen: <a href="https://wordpress.org/support/article/debugging-in-wordpress/">Debugging in WordPress (engl.)</a> (Diese Meldung wurde in Version 3.3.0 hinzugefügt.) in D:\xampp\htdocs\wp-includes\functions.php on line 5167
[07-Jul-2020 08:54:26 UTC] PHP Notice:  wp_enqueue_style wurde <strong>fehlerhaft aufgerufen</strong>. Skripte und Styles sollten nicht vor den Hooks <code>wp_enqueue_scripts</code>, <code>admin_enqueue_scripts</code> oder <code>login_enqueue_scripts</code> registriert oder eingebunden werden. Weitere Informationen: <a href="https://wordpress.org/support/article/debugging-in-wordpress/">Debugging in WordPress (engl.)</a> (Diese Meldung wurde in Version 3.3.0 hinzugefügt.) in D:\xampp\htdocs\wp-includes\functions.php on line 5167
[07-Jul-2020 09:01:45 UTC] PHP Parse error:  syntax error, unexpected '}' in D:\xampp\htdocs\wp-content\themes\hueppi\header.php on line 17
[07-Jul-2020 09:12:00 UTC] PHP Notice:  Array to string conversion in D:\xampp\htdocs\wp-content\themes\hueppi\header.php on line 16
[07-Jul-2020 09:12:43 UTC] PHP Warning:  ltrim() expects parameter 1 to be string, array given in D:\xampp\htdocs\wp-includes\formatting.php on line 4313
[07-Jul-2020 09:12:59 UTC] PHP Notice:  Array to string conversion in D:\xampp\htdocs\wp-content\themes\hueppi\header.php on line 16
[07-Jul-2020 09:12:59 UTC] PHP Notice:  Array to string conversion in D:\xampp\htdocs\wp-content\themes\hueppi\header.php on line 16
[07-Jul-2020 09:14:04 UTC] PHP Notice:  Array to string conversion in D:\xampp\htdocs\wp-content\themes\hueppi\header.php on line 16
[07-Jul-2020 09:21:18 UTC] PHP Notice:  wp_register_script wurde <strong>fehlerhaft aufgerufen</strong>. Skripte und Styles sollten nicht vor den Hooks <code>wp_enqueue_scripts</code>, <code>admin_enqueue_scripts</code> oder <code>login_enqueue_scripts</code> registriert oder eingebunden werden. Weitere Informationen: <a href="https://wordpress.org/support/article/debugging-in-wordpress/">Debugging in WordPress (engl.)</a> (Diese Meldung wurde in Version 3.3.0 hinzugefügt.) in D:\xampp\htdocs\wp-includes\functions.php on line 5167
[07-Jul-2020 09:21:18 UTC] PHP Notice:  wp_enqueue_script wurde <strong>fehlerhaft aufgerufen</strong>. Skripte und Styles sollten nicht vor den Hooks <code>wp_enqueue_scripts</code>, <code>admin_enqueue_scripts</code> oder <code>login_enqueue_scripts</code> registriert oder eingebunden werden. Weitere Informationen: <a href="https://wordpress.org/support/article/debugging-in-wordpress/">Debugging in WordPress (engl.)</a> (Diese Meldung wurde in Version 3.3.0 hinzugefügt.) in D:\xampp\htdocs\wp-includes\functions.php on line 5167
[07-Jul-2020 09:21:18 UTC] PHP Notice:  wp_register_style wurde <strong>fehlerhaft aufgerufen</strong>. Skripte und Styles sollten nicht vor den Hooks <code>wp_enqueue_scripts</code>, <code>admin_enqueue_scripts</code> oder <code>login_enqueue_scripts</code> registriert oder eingebunden werden. Weitere Informationen: <a href="https://wordpress.org/support/article/debugging-in-wordpress/">Debugging in WordPress (engl.)</a> (Diese Meldung wurde in Version 3.3.0 hinzugefügt.) in D:\xampp\htdocs\wp-includes\functions.php on line 5167
[07-Jul-2020 09:21:18 UTC] PHP Notice:  wp_enqueue_style wurde <strong>fehlerhaft aufgerufen</strong>. Skripte und Styles sollten nicht vor den Hooks <code>wp_enqueue_scripts</code>, <code>admin_enqueue_scripts</code> oder <code>login_enqueue_scripts</code> registriert oder eingebunden werden. Weitere Informationen: <a href="https://wordpress.org/support/article/debugging-in-wordpress/">Debugging in WordPress (engl.)</a> (Diese Meldung wurde in Version 3.3.0 hinzugefügt.) in D:\xampp\htdocs\wp-includes\functions.php on line 5167
[07-Jul-2020 09:21:18 UTC] PHP Notice:  wp_register_script wurde <strong>fehlerhaft aufgerufen</strong>. Skripte und Styles sollten nicht vor den Hooks <code>wp_enqueue_scripts</code>, <code>admin_enqueue_scripts</code> oder <code>login_enqueue_scripts</code> registriert oder eingebunden werden. Weitere Informationen: <a href="https://wordpress.org/support/article/debugging-in-wordpress/">Debugging in WordPress (engl.)</a> (Diese Meldung wurde in Version 3.3.0 hinzugefügt.) in D:\xampp\htdocs\wp-includes\functions.php on line 5167
[07-Jul-2020 09:21:18 UTC] PHP Notice:  wp_enqueue_script wurde <strong>fehlerhaft aufgerufen</strong>. Skripte und Styles sollten nicht vor den Hooks <code>wp_enqueue_scripts</code>, <code>admin_enqueue_scripts</code> oder <code>login_enqueue_scripts</code> registriert oder eingebunden werden. Weitere Informationen: <a href="https://wordpress.org/support/article/debugging-in-wordpress/">Debugging in WordPress (engl.)</a> (Diese Meldung wurde in Version 3.3.0 hinzugefügt.) in D:\xampp\htdocs\wp-includes\functions.php on line 5167
[07-Jul-2020 09:21:18 UTC] PHP Notice:  wp_register_style wurde <strong>fehlerhaft aufgerufen</strong>. Skripte und Styles sollten nicht vor den Hooks <code>wp_enqueue_scripts</code>, <code>admin_enqueue_scripts</code> oder <code>login_enqueue_scripts</code> registriert oder eingebunden werden. Weitere Informationen: <a href="https://wordpress.org/support/article/debugging-in-wordpress/">Debugging in WordPress (engl.)</a> (Diese Meldung wurde in Version 3.3.0 hinzugefügt.) in D:\xampp\htdocs\wp-includes\functions.php on line 5167
[07-Jul-2020 09:21:18 UTC] PHP Notice:  wp_enqueue_style wurde <strong>fehlerhaft aufgerufen</strong>. Skripte und Styles sollten nicht vor den Hooks <code>wp_enqueue_scripts</code>, <code>admin_enqueue_scripts</code> oder <code>login_enqueue_scripts</code> registriert oder eingebunden werden. Weitere Informationen: <a href="https://wordpress.org/support/article/debugging-in-wordpress/">Debugging in WordPress (engl.)</a> (Diese Meldung wurde in Version 3.3.0 hinzugefügt.) in D:\xampp\htdocs\wp-includes\functions.php on line 5167
[07-Jul-2020 09:21:19 UTC] PHP Notice:  wp_register_script wurde <strong>fehlerhaft aufgerufen</strong>. Skripte und Styles sollten nicht vor den Hooks <code>wp_enqueue_scripts</code>, <code>admin_enqueue_scripts</code> oder <code>login_enqueue_scripts</code> registriert oder eingebunden werden. Weitere Informationen: <a href="https://wordpress.org/support/article/debugging-in-wordpress/">Debugging in WordPress (engl.)</a> (Diese Meldung wurde in Version 3.3.0 hinzugefügt.) in D:\xampp\htdocs\wp-includes\functions.php on line 5167
[07-Jul-2020 09:21:19 UTC] PHP Notice:  wp_enqueue_script wurde <strong>fehlerhaft aufgerufen</strong>. Skripte und Styles sollten nicht vor den Hooks <code>wp_enqueue_scripts</code>, <code>admin_enqueue_scripts</code> oder <code>login_enqueue_scripts</code> registriert oder eingebunden werden. Weitere Informationen: <a href="https://wordpress.org/support/article/debugging-in-wordpress/">Debugging in WordPress (engl.)</a> (Diese Meldung wurde in Version 3.3.0 hinzugefügt.) in D:\xampp\htdocs\wp-includes\functions.php on line 5167
[07-Jul-2020 09:21:19 UTC] PHP Notice:  wp_register_style wurde <strong>fehlerhaft aufgerufen</strong>. Skripte und Styles sollten nicht vor den Hooks <code>wp_enqueue_scripts</code>, <code>admin_enqueue_scripts</code> oder <code>login_enqueue_scripts</code> registriert oder eingebunden werden. Weitere Informationen: <a href="https://wordpress.org/support/article/debugging-in-wordpress/">Debugging in WordPress (engl.)</a> (Diese Meldung wurde in Version 3.3.0 hinzugefügt.) in D:\xampp\htdocs\wp-includes\functions.php on line 5167
[07-Jul-2020 09:21:19 UTC] PHP Notice:  wp_enqueue_style wurde <strong>fehlerhaft aufgerufen</strong>. Skripte und Styles sollten nicht vor den Hooks <code>wp_enqueue_scripts</code>, <code>admin_enqueue_scripts</code> oder <code>login_enqueue_scripts</code> registriert oder eingebunden werden. Weitere Informationen: <a href="https://wordpress.org/support/article/debugging-in-wordpress/">Debugging in WordPress (engl.)</a> (Diese Meldung wurde in Version 3.3.0 hinzugefügt.) in D:\xampp\htdocs\wp-includes\functions.php on line 5167
[07-Jul-2020 09:22:13 UTC] PHP Parse error:  syntax error, unexpected 'wp_enqueue_scripts' (T_STRING), expecting variable (T_VARIABLE) or '{' or '$' in D:\xampp\htdocs\wp-content\themes\hueppi\functions.php on line 32
[07-Jul-2020 09:22:13 UTC] PHP Parse error:  syntax error, unexpected 'wp_enqueue_scripts' (T_STRING), expecting variable (T_VARIABLE) or '{' or '$' in D:\xampp\htdocs\wp-content\themes\hueppi\functions.php on line 32
[07-Jul-2020 11:48:57 UTC] PHP Fatal error:  Uncaught Error: Call to undefined function have_pages() in D:\xampp\htdocs\wp-content\themes\hueppi\page.php:16
Stack trace:
#0 D:\xampp\htdocs\wp-includes\template-loader.php(106): include()
#1 D:\xampp\htdocs\wp-blog-header.php(19): require_once('D:\\xampp\\htdocs...')
#2 D:\xampp\htdocs\index.php(17): require('D:\\xampp\\htdocs...')
#3 {main}
  thrown in D:\xampp\htdocs\wp-content\themes\hueppi\page.php on line 16
[07-Jul-2020 11:58:10 UTC] PHP Parse error:  syntax error, unexpected 'endwhile' (T_ENDWHILE) in D:\xampp\htdocs\wp-content\themes\hueppi\single.php on line 36
[07-Jul-2020 12:12:21 UTC] PHP Warning:  count(): Parameter must be an array or an object that implements Countable in D:\xampp\htdocs\wp-includes\post-template.php on line 317
[07-Jul-2020 12:12:21 UTC] PHP Notice:  Trying to access array offset on value of type null in D:\xampp\htdocs\wp-includes\post-template.php on line 323
[07-Jul-2020 12:17:50 UTC] PHP Warning:  count(): Parameter must be an array or an object that implements Countable in D:\xampp\htdocs\wp-includes\post-template.php on line 317
[07-Jul-2020 12:17:50 UTC] PHP Notice:  Trying to access array offset on value of type null in D:\xampp\htdocs\wp-includes\post-template.php on line 323
[07-Jul-2020 12:19:46 UTC] PHP Warning:  count(): Parameter must be an array or an object that implements Countable in D:\xampp\htdocs\wp-includes\post-template.php on line 317
[07-Jul-2020 12:19:46 UTC] PHP Notice:  Trying to access array offset on value of type null in D:\xampp\htdocs\wp-includes\post-template.php on line 323
[07-Jul-2020 12:19:57 UTC] PHP Warning:  count(): Parameter must be an array or an object that implements Countable in D:\xampp\htdocs\wp-includes\post-template.php on line 317
[07-Jul-2020 12:19:57 UTC] PHP Notice:  Trying to access array offset on value of type null in D:\xampp\htdocs\wp-includes\post-template.php on line 323
[07-Jul-2020 12:19:59 UTC] PHP Warning:  count(): Parameter must be an array or an object that implements Countable in D:\xampp\htdocs\wp-includes\post-template.php on line 317
[07-Jul-2020 12:19:59 UTC] PHP Notice:  Trying to access array offset on value of type null in D:\xampp\htdocs\wp-includes\post-template.php on line 323
[07-Jul-2020 12:20:01 UTC] PHP Warning:  count(): Parameter must be an array or an object that implements Countable in D:\xampp\htdocs\wp-includes\post-template.php on line 317
[07-Jul-2020 12:20:01 UTC] PHP Notice:  Trying to access array offset on value of type null in D:\xampp\htdocs\wp-includes\post-template.php on line 323
[07-Jul-2020 12:20:03 UTC] PHP Warning:  count(): Parameter must be an array or an object that implements Countable in D:\xampp\htdocs\wp-includes\post-template.php on line 317
[07-Jul-2020 12:20:03 UTC] PHP Notice:  Trying to access array offset on value of type null in D:\xampp\htdocs\wp-includes\post-template.php on line 323
[07-Jul-2020 12:30:03 UTC] PHP Parse error:  syntax error, unexpected '?>' in D:\xampp\htdocs\wp-content\themes\hueppi\page.php on line 14
[07-Jul-2020 12:38:31 UTC] PHP Parse error:  syntax error, unexpected '<', expecting end of file in D:\xampp\htdocs\wp-content\themes\hueppi\page.php on line 17
[07-Jul-2020 19:10:26 UTC] PHP Parse error:  syntax error, unexpected '?>', expecting ')' in D:\xampp\htdocs\wp-content\themes\hueppi\single.php on line 13
[07-Jul-2020 19:11:40 UTC] PHP Deprecated:  Theme ohne comments.php ist seit Version 3.0.0 <strong>veraltet</strong>. Es ist keine Alternative erhältlich. Bitte fügen Sie ein comments.php-Template zu Ihrem Theme hinzu. in D:\xampp\htdocs\wp-includes\functions.php on line 4913
[08-Jul-2020 20:22:29 UTC] PHP Warning:  mysqli_real_connect(): (HY000/2002): Es konnte keine Verbindung hergestellt werden, da der Zielcomputer die Verbindung verweigerte.
 in D:\xampp\htdocs\wp-includes\wp-db.php on line 1626
[08-Jul-2020 20:22:34 UTC] PHP Warning:  mysqli_real_connect(): (HY000/2002): Es konnte keine Verbindung hergestellt werden, da der Zielcomputer die Verbindung verweigerte.
 in D:\xampp\htdocs\wp-includes\wp-db.php on line 1626
[09-Jul-2020 04:32:07 UTC] PHP Deprecated:  Array and string offset access syntax with curly braces is deprecated in D:\xampp\htdocs\wp-content\plugins\theme-sniffer\vendor\squizlabs\php_codesniffer\src\Config.php on line 420
[09-Jul-2020 04:32:07 UTC] PHP Deprecated:  Array and string offset access syntax with curly braces is deprecated in D:\xampp\htdocs\wp-content\plugins\theme-sniffer\vendor\squizlabs\php_codesniffer\src\Config.php on line 433
[09-Jul-2020 04:32:07 UTC] PHP Deprecated:  Array and string offset access syntax with curly braces is deprecated in D:\xampp\htdocs\wp-content\plugins\theme-sniffer\vendor\squizlabs\php_codesniffer\src\Config.php on line 889
[09-Jul-2020 04:32:07 UTC] PHP Deprecated:  Array and string offset access syntax with curly braces is deprecated in D:\xampp\htdocs\wp-content\plugins\theme-sniffer\vendor\squizlabs\php_codesniffer\src\Config.php on line 981
[09-Jul-2020 04:32:07 UTC] PHP Deprecated:  Array and string offset access syntax with curly braces is deprecated in D:\xampp\htdocs\wp-content\plugins\theme-sniffer\vendor\squizlabs\php_codesniffer\src\Config.php on line 1059
[09-Jul-2020 04:32:07 UTC] PHP Deprecated:  Array and string offset access syntax with curly braces is deprecated in D:\xampp\htdocs\wp-content\plugins\theme-sniffer\vendor\squizlabs\php_codesniffer\src\Config.php on line 1256
[09-Jul-2020 04:32:07 UTC] PHP Deprecated:  Array and string offset access syntax with curly braces is deprecated in D:\xampp\htdocs\wp-content\plugins\theme-sniffer\vendor\squizlabs\php_codesniffer\src\Util\Common.php on line 323
[09-Jul-2020 04:32:07 UTC] PHP Deprecated:  Array and string offset access syntax with curly braces is deprecated in D:\xampp\htdocs\wp-content\plugins\theme-sniffer\vendor\squizlabs\php_codesniffer\src\Util\Common.php on line 328
[09-Jul-2020 04:32:07 UTC] PHP Deprecated:  Array and string offset access syntax with curly braces is deprecated in D:\xampp\htdocs\wp-content\plugins\theme-sniffer\vendor\squizlabs\php_codesniffer\src\Util\Common.php on line 328
[09-Jul-2020 04:32:07 UTC] PHP Deprecated:  Array and string offset access syntax with curly braces is deprecated in D:\xampp\htdocs\wp-content\plugins\theme-sniffer\vendor\squizlabs\php_codesniffer\src\Util\Common.php on line 374
[09-Jul-2020 04:32:07 UTC] PHP Deprecated:  Array and string offset access syntax with curly braces is deprecated in D:\xampp\htdocs\wp-content\plugins\theme-sniffer\vendor\squizlabs\php_codesniffer\src\Util\Common.php on line 374
[09-Jul-2020 04:32:07 UTC] PHP Deprecated:  Array and string offset access syntax with curly braces is deprecated in D:\xampp\htdocs\wp-content\plugins\theme-sniffer\vendor\michelf\php-markdown\Michelf\MarkdownExtra.php on line 215
[09-Jul-2020 04:32:07 UTC] PHP Deprecated:  Array and string offset access syntax with curly braces is deprecated in D:\xampp\htdocs\wp-content\plugins\theme-sniffer\vendor\michelf\php-markdown\Michelf\MarkdownExtra.php on line 217
[09-Jul-2020 04:32:07 UTC] PHP Deprecated:  Array and string offset access syntax with curly braces is deprecated in D:\xampp\htdocs\wp-content\plugins\theme-sniffer\vendor\michelf\php-markdown\Michelf\MarkdownExtra.php on line 511
[09-Jul-2020 04:32:07 UTC] PHP Deprecated:  Array and string offset access syntax with curly braces is deprecated in D:\xampp\htdocs\wp-content\plugins\theme-sniffer\vendor\michelf\php-markdown\Michelf\MarkdownExtra.php on line 511
[09-Jul-2020 04:32:07 UTC] PHP Deprecated:  Array and string offset access syntax with curly braces is deprecated in D:\xampp\htdocs\wp-content\plugins\theme-sniffer\vendor\michelf\php-markdown\Michelf\MarkdownExtra.php on line 518
[09-Jul-2020 04:32:07 UTC] PHP Deprecated:  Array and string offset access syntax with curly braces is deprecated in D:\xampp\htdocs\wp-content\plugins\theme-sniffer\vendor\michelf\php-markdown\Michelf\MarkdownExtra.php on line 552
[09-Jul-2020 04:32:07 UTC] PHP Deprecated:  Array and string offset access syntax with curly braces is deprecated in D:\xampp\htdocs\wp-content\plugins\theme-sniffer\vendor\michelf\php-markdown\Michelf\MarkdownExtra.php on line 552
[09-Jul-2020 04:32:07 UTC] PHP Deprecated:  Array and string offset access syntax with curly braces is deprecated in D:\xampp\htdocs\wp-content\plugins\theme-sniffer\vendor\michelf\php-markdown\Michelf\MarkdownExtra.php on line 567
[09-Jul-2020 04:32:07 UTC] PHP Deprecated:  Array and string offset access syntax with curly braces is deprecated in D:\xampp\htdocs\wp-content\plugins\theme-sniffer\vendor\michelf\php-markdown\Michelf\MarkdownExtra.php on line 568
[09-Jul-2020 04:32:07 UTC] PHP Deprecated:  Array and string offset access syntax with curly braces is deprecated in D:\xampp\htdocs\wp-content\plugins\theme-sniffer\vendor\michelf\php-markdown\Michelf\MarkdownExtra.php on line 667
[09-Jul-2020 04:32:07 UTC] PHP Deprecated:  Array and string offset access syntax with curly braces is deprecated in D:\xampp\htdocs\wp-content\plugins\theme-sniffer\vendor\michelf\php-markdown\Michelf\MarkdownExtra.php on line 677
[09-Jul-2020 04:32:07 UTC] PHP Deprecated:  Array and string offset access syntax with curly braces is deprecated in D:\xampp\htdocs\wp-content\plugins\theme-sniffer\vendor\michelf\php-markdown\Michelf\MarkdownExtra.php on line 677
[09-Jul-2020 04:32:07 UTC] PHP Deprecated:  Array and string offset access syntax with curly braces is deprecated in D:\xampp\htdocs\wp-content\plugins\theme-sniffer\vendor\michelf\php-markdown\Michelf\MarkdownExtra.php on line 686
[09-Jul-2020 04:32:07 UTC] PHP Deprecated:  Array and string offset access syntax with curly braces is deprecated in D:\xampp\htdocs\wp-content\plugins\theme-sniffer\vendor\michelf\php-markdown\Michelf\MarkdownExtra.php on line 687
[09-Jul-2020 04:32:07 UTC] PHP Deprecated:  Array and string offset access syntax with curly braces is deprecated in D:\xampp\htdocs\wp-content\plugins\theme-sniffer\vendor\michelf\php-markdown\Michelf\MarkdownExtra.php on line 1074
[09-Jul-2020 04:32:07 UTC] PHP Deprecated:  Array and string offset access syntax with curly braces is deprecated in D:\xampp\htdocs\wp-content\plugins\theme-sniffer\vendor\michelf\php-markdown\Michelf\MarkdownExtra.php on line 1469
[09-Jul-2020 04:32:07 UTC] PHP Deprecated:  Array and string offset access syntax with curly braces is deprecated in D:\xampp\htdocs\wp-content\plugins\theme-sniffer\vendor\michelf\php-markdown\Michelf\Markdown.php on line 955
[09-Jul-2020 04:32:07 UTC] PHP Deprecated:  Array and string offset access syntax with curly braces is deprecated in D:\xampp\htdocs\wp-content\plugins\theme-sniffer\vendor\michelf\php-markdown\Michelf\Markdown.php on line 1361
[09-Jul-2020 04:32:07 UTC] PHP Deprecated:  Array and string offset access syntax with curly braces is deprecated in D:\xampp\htdocs\wp-content\plugins\theme-sniffer\vendor\michelf\php-markdown\Michelf\Markdown.php on line 1386
[09-Jul-2020 04:32:07 UTC] PHP Deprecated:  Array and string offset access syntax with curly braces is deprecated in D:\xampp\htdocs\wp-content\plugins\theme-sniffer\vendor\michelf\php-markdown\Michelf\Markdown.php on line 1799
[09-Jul-2020 04:32:07 UTC] PHP Deprecated:  Array and string offset access syntax with curly braces is deprecated in D:\xampp\htdocs\wp-content\plugins\theme-sniffer\vendor\michelf\php-markdown\Michelf\Markdown.php on line 1801
[09-Jul-2020 04:32:07 UTC] PHP Notice:  Trying to get property 'primary' of non-object in D:\xampp\htdocs\wp-content\plugins\theme-sniffer\src\sniffs\readme\class-license-uri.php on line 45
[09-Jul-2020 04:49:57 UTC] PHP Deprecated:  Array and string offset access syntax with curly braces is deprecated in D:\xampp\htdocs\wp-content\plugins\theme-sniffer\vendor\squizlabs\php_codesniffer\src\Config.php on line 420
[09-Jul-2020 04:49:57 UTC] PHP Deprecated:  Array and string offset access syntax with curly braces is deprecated in D:\xampp\htdocs\wp-content\plugins\theme-sniffer\vendor\squizlabs\php_codesniffer\src\Config.php on line 433
[09-Jul-2020 04:49:57 UTC] PHP Deprecated:  Array and string offset access syntax with curly braces is deprecated in D:\xampp\htdocs\wp-content\plugins\theme-sniffer\vendor\squizlabs\php_codesniffer\src\Config.php on line 889
[09-Jul-2020 04:49:57 UTC] PHP Deprecated:  Array and string offset access syntax with curly braces is deprecated in D:\xampp\htdocs\wp-content\plugins\theme-sniffer\vendor\squizlabs\php_codesniffer\src\Config.php on line 981
[09-Jul-2020 04:49:57 UTC] PHP Deprecated:  Array and string offset access syntax with curly braces is deprecated in D:\xampp\htdocs\wp-content\plugins\theme-sniffer\vendor\squizlabs\php_codesniffer\src\Config.php on line 1059
[09-Jul-2020 04:49:57 UTC] PHP Deprecated:  Array and string offset access syntax with curly braces is deprecated in D:\xampp\htdocs\wp-content\plugins\theme-sniffer\vendor\squizlabs\php_codesniffer\src\Config.php on line 1256
[09-Jul-2020 04:49:57 UTC] PHP Deprecated:  Array and string offset access syntax with curly braces is deprecated in D:\xampp\htdocs\wp-content\plugins\theme-sniffer\vendor\squizlabs\php_codesniffer\src\Util\Common.php on line 323
[09-Jul-2020 04:49:57 UTC] PHP Deprecated:  Array and string offset access syntax with curly braces is deprecated in D:\xampp\htdocs\wp-content\plugins\theme-sniffer\vendor\squizlabs\php_codesniffer\src\Util\Common.php on line 328
[09-Jul-2020 04:49:57 UTC] PHP Deprecated:  Array and string offset access syntax with curly braces is deprecated in D:\xampp\htdocs\wp-content\plugins\theme-sniffer\vendor\squizlabs\php_codesniffer\src\Util\Common.php on line 328
[09-Jul-2020 04:49:57 UTC] PHP Deprecated:  Array and string offset access syntax with curly braces is deprecated in D:\xampp\htdocs\wp-content\plugins\theme-sniffer\vendor\squizlabs\php_codesniffer\src\Util\Common.php on line 374
[09-Jul-2020 04:49:57 UTC] PHP Deprecated:  Array and string offset access syntax with curly braces is deprecated in D:\xampp\htdocs\wp-content\plugins\theme-sniffer\vendor\squizlabs\php_codesniffer\src\Util\Common.php on line 374
[09-Jul-2020 04:49:57 UTC] PHP Deprecated:  Array and string offset access syntax with curly braces is deprecated in D:\xampp\htdocs\wp-content\plugins\theme-sniffer\vendor\michelf\php-markdown\Michelf\MarkdownExtra.php on line 215
[09-Jul-2020 04:49:57 UTC] PHP Deprecated:  Array and string offset access syntax with curly braces is deprecated in D:\xampp\htdocs\wp-content\plugins\theme-sniffer\vendor\michelf\php-markdown\Michelf\MarkdownExtra.php on line 217
[09-Jul-2020 04:49:57 UTC] PHP Deprecated:  Array and string offset access syntax with curly braces is deprecated in D:\xampp\htdocs\wp-content\plugins\theme-sniffer\vendor\michelf\php-markdown\Michelf\MarkdownExtra.php on line 511
[09-Jul-2020 04:49:57 UTC] PHP Deprecated:  Array and string offset access syntax with curly braces is deprecated in D:\xampp\htdocs\wp-content\plugins\theme-sniffer\vendor\michelf\php-markdown\Michelf\MarkdownExtra.php on line 511
[09-Jul-2020 04:49:57 UTC] PHP Deprecated:  Array and string offset access syntax with curly braces is deprecated in D:\xampp\htdocs\wp-content\plugins\theme-sniffer\vendor\michelf\php-markdown\Michelf\MarkdownExtra.php on line 518
[09-Jul-2020 04:49:57 UTC] PHP Deprecated:  Array and string offset access syntax with curly braces is deprecated in D:\xampp\htdocs\wp-content\plugins\theme-sniffer\vendor\michelf\php-markdown\Michelf\MarkdownExtra.php on line 552
[09-Jul-2020 04:49:57 UTC] PHP Deprecated:  Array and string offset access syntax with curly braces is deprecated in D:\xampp\htdocs\wp-content\plugins\theme-sniffer\vendor\michelf\php-markdown\Michelf\MarkdownExtra.php on line 552
[09-Jul-2020 04:49:57 UTC] PHP Deprecated:  Array and string offset access syntax with curly braces is deprecated in D:\xampp\htdocs\wp-content\plugins\theme-sniffer\vendor\michelf\php-markdown\Michelf\MarkdownExtra.php on line 567
[09-Jul-2020 04:49:57 UTC] PHP Deprecated:  Array and string offset access syntax with curly braces is deprecated in D:\xampp\htdocs\wp-content\plugins\theme-sniffer\vendor\michelf\php-markdown\Michelf\MarkdownExtra.php on line 568
[09-Jul-2020 04:49:57 UTC] PHP Deprecated:  Array and string offset access syntax with curly braces is deprecated in D:\xampp\htdocs\wp-content\plugins\theme-sniffer\vendor\michelf\php-markdown\Michelf\MarkdownExtra.php on line 667
[09-Jul-2020 04:49:57 UTC] PHP Deprecated:  Array and string offset access syntax with curly braces is deprecated in D:\xampp\htdocs\wp-content\plugins\theme-sniffer\vendor\michelf\php-markdown\Michelf\MarkdownExtra.php on line 677
[09-Jul-2020 04:49:57 UTC] PHP Deprecated:  Array and string offset access syntax with curly braces is deprecated in D:\xampp\htdocs\wp-content\plugins\theme-sniffer\vendor\michelf\php-markdown\Michelf\MarkdownExtra.php on line 677
[09-Jul-2020 04:49:57 UTC] PHP Deprecated:  Array and string offset access syntax with curly braces is deprecated in D:\xampp\htdocs\wp-content\plugins\theme-sniffer\vendor\michelf\php-markdown\Michelf\MarkdownExtra.php on line 686
[09-Jul-2020 04:49:57 UTC] PHP Deprecated:  Array and string offset access syntax with curly braces is deprecated in D:\xampp\htdocs\wp-content\plugins\theme-sniffer\vendor\michelf\php-markdown\Michelf\MarkdownExtra.php on line 687
[09-Jul-2020 04:49:57 UTC] PHP Deprecated:  Array and string offset access syntax with curly braces is deprecated in D:\xampp\htdocs\wp-content\plugins\theme-sniffer\vendor\michelf\php-markdown\Michelf\MarkdownExtra.php on line 1074
[09-Jul-2020 04:49:57 UTC] PHP Deprecated:  Array and string offset access syntax with curly braces is deprecated in D:\xampp\htdocs\wp-content\plugins\theme-sniffer\vendor\michelf\php-markdown\Michelf\MarkdownExtra.php on line 1469
[09-Jul-2020 04:49:57 UTC] PHP Deprecated:  Array and string offset access syntax with curly braces is deprecated in D:\xampp\htdocs\wp-content\plugins\theme-sniffer\vendor\michelf\php-markdown\Michelf\Markdown.php on line 955
[09-Jul-2020 04:49:57 UTC] PHP Deprecated:  Array and string offset access syntax with curly braces is deprecated in D:\xampp\htdocs\wp-content\plugins\theme-sniffer\vendor\michelf\php-markdown\Michelf\Markdown.php on line 1361
[09-Jul-2020 04:49:57 UTC] PHP Deprecated:  Array and string offset access syntax with curly braces is deprecated in D:\xampp\htdocs\wp-content\plugins\theme-sniffer\vendor\michelf\php-markdown\Michelf\Markdown.php on line 1386
[09-Jul-2020 04:49:57 UTC] PHP Deprecated:  Array and string offset access syntax with curly braces is deprecated in D:\xampp\htdocs\wp-content\plugins\theme-sniffer\vendor\michelf\php-markdown\Michelf\Markdown.php on line 1799
[09-Jul-2020 04:49:57 UTC] PHP Deprecated:  Array and string offset access syntax with curly braces is deprecated in D:\xampp\htdocs\wp-content\plugins\theme-sniffer\vendor\michelf\php-markdown\Michelf\Markdown.php on line 1801
[09-Jul-2020 04:49:57 UTC] PHP Notice:  Trying to get property 'primary' of non-object in D:\xampp\htdocs\wp-content\plugins\theme-sniffer\src\sniffs\readme\class-license-uri.php on line 45
[09-Jul-2020 04:52:31 UTC] PHP Deprecated:  Array and string offset access syntax with curly braces is deprecated in D:\xampp\htdocs\wp-content\plugins\theme-sniffer\vendor\squizlabs\php_codesniffer\src\Config.php on line 420
[09-Jul-2020 04:52:31 UTC] PHP Deprecated:  Array and string offset access syntax with curly braces is deprecated in D:\xampp\htdocs\wp-content\plugins\theme-sniffer\vendor\squizlabs\php_codesniffer\src\Config.php on line 433
[09-Jul-2020 04:52:31 UTC] PHP Deprecated:  Array and string offset access syntax with curly braces is deprecated in D:\xampp\htdocs\wp-content\plugins\theme-sniffer\vendor\squizlabs\php_codesniffer\src\Config.php on line 889
[09-Jul-2020 04:52:31 UTC] PHP Deprecated:  Array and string offset access syntax with curly braces is deprecated in D:\xampp\htdocs\wp-content\plugins\theme-sniffer\vendor\squizlabs\php_codesniffer\src\Config.php on line 981
[09-Jul-2020 04:52:31 UTC] PHP Deprecated:  Array and string offset access syntax with curly braces is deprecated in D:\xampp\htdocs\wp-content\plugins\theme-sniffer\vendor\squizlabs\php_codesniffer\src\Config.php on line 1059
[09-Jul-2020 04:52:31 UTC] PHP Deprecated:  Array and string offset access syntax with curly braces is deprecated in D:\xampp\htdocs\wp-content\plugins\theme-sniffer\vendor\squizlabs\php_codesniffer\src\Config.php on line 1256
[09-Jul-2020 04:52:31 UTC] PHP Deprecated:  Array and string offset access syntax with curly braces is deprecated in D:\xampp\htdocs\wp-content\plugins\theme-sniffer\vendor\squizlabs\php_codesniffer\src\Util\Common.php on line 323
[09-Jul-2020 04:52:31 UTC] PHP Deprecated:  Array and string offset access syntax with curly braces is deprecated in D:\xampp\htdocs\wp-content\plugins\theme-sniffer\vendor\squizlabs\php_codesniffer\src\Util\Common.php on line 328
[09-Jul-2020 04:52:31 UTC] PHP Deprecated:  Array and string offset access syntax with curly braces is deprecated in D:\xampp\htdocs\wp-content\plugins\theme-sniffer\vendor\squizlabs\php_codesniffer\src\Util\Common.php on line 328
[09-Jul-2020 04:52:31 UTC] PHP Deprecated:  Array and string offset access syntax with curly braces is deprecated in D:\xampp\htdocs\wp-content\plugins\theme-sniffer\vendor\squizlabs\php_codesniffer\src\Util\Common.php on line 374
[09-Jul-2020 04:52:31 UTC] PHP Deprecated:  Array and string offset access syntax with curly braces is deprecated in D:\xampp\htdocs\wp-content\plugins\theme-sniffer\vendor\squizlabs\php_codesniffer\src\Util\Common.php on line 374
[09-Jul-2020 04:52:32 UTC] PHP Deprecated:  Array and string offset access syntax with curly braces is deprecated in D:\xampp\htdocs\wp-content\plugins\theme-sniffer\vendor\michelf\php-markdown\Michelf\MarkdownExtra.php on line 215
[09-Jul-2020 04:52:32 UTC] PHP Deprecated:  Array and string offset access syntax with curly braces is deprecated in D:\xampp\htdocs\wp-content\plugins\theme-sniffer\vendor\michelf\php-markdown\Michelf\MarkdownExtra.php on line 217
[09-Jul-2020 04:52:32 UTC] PHP Deprecated:  Array and string offset access syntax with curly braces is deprecated in D:\xampp\htdocs\wp-content\plugins\theme-sniffer\vendor\michelf\php-markdown\Michelf\MarkdownExtra.php on line 511
[09-Jul-2020 04:52:32 UTC] PHP Deprecated:  Array and string offset access syntax with curly braces is deprecated in D:\xampp\htdocs\wp-content\plugins\theme-sniffer\vendor\michelf\php-markdown\Michelf\MarkdownExtra.php on line 511
[09-Jul-2020 04:52:32 UTC] PHP Deprecated:  Array and string offset access syntax with curly braces is deprecated in D:\xampp\htdocs\wp-content\plugins\theme-sniffer\vendor\michelf\php-markdown\Michelf\MarkdownExtra.php on line 518
[09-Jul-2020 04:52:32 UTC] PHP Deprecated:  Array and string offset access syntax with curly braces is deprecated in D:\xampp\htdocs\wp-content\plugins\theme-sniffer\vendor\michelf\php-markdown\Michelf\MarkdownExtra.php on line 552
[09-Jul-2020 04:52:32 UTC] PHP Deprecated:  Array and string offset access syntax with curly braces is deprecated in D:\xampp\htdocs\wp-content\plugins\theme-sniffer\vendor\michelf\php-markdown\Michelf\MarkdownExtra.php on line 552
[09-Jul-2020 04:52:32 UTC] PHP Deprecated:  Array and string offset access syntax with curly braces is deprecated in D:\xampp\htdocs\wp-content\plugins\theme-sniffer\vendor\michelf\php-markdown\Michelf\MarkdownExtra.php on line 567
[09-Jul-2020 04:52:32 UTC] PHP Deprecated:  Array and string offset access syntax with curly braces is deprecated in D:\xampp\htdocs\wp-content\plugins\theme-sniffer\vendor\michelf\php-markdown\Michelf\MarkdownExtra.php on line 568
[09-Jul-2020 04:52:32 UTC] PHP Deprecated:  Array and string offset access syntax with curly braces is deprecated in D:\xampp\htdocs\wp-content\plugins\theme-sniffer\vendor\michelf\php-markdown\Michelf\MarkdownExtra.php on line 667
[09-Jul-2020 04:52:32 UTC] PHP Deprecated:  Array and string offset access syntax with curly braces is deprecated in D:\xampp\htdocs\wp-content\plugins\theme-sniffer\vendor\michelf\php-markdown\Michelf\MarkdownExtra.php on line 677
[09-Jul-2020 04:52:32 UTC] PHP Deprecated:  Array and string offset access syntax with curly braces is deprecated in D:\xampp\htdocs\wp-content\plugins\theme-sniffer\vendor\michelf\php-markdown\Michelf\MarkdownExtra.php on line 677
[09-Jul-2020 04:52:32 UTC] PHP Deprecated:  Array and string offset access syntax with curly braces is deprecated in D:\xampp\htdocs\wp-content\plugins\theme-sniffer\vendor\michelf\php-markdown\Michelf\MarkdownExtra.php on line 686
[09-Jul-2020 04:52:32 UTC] PHP Deprecated:  Array and string offset access syntax with curly braces is deprecated in D:\xampp\htdocs\wp-content\plugins\theme-sniffer\vendor\michelf\php-markdown\Michelf\MarkdownExtra.php on line 687
[09-Jul-2020 04:52:32 UTC] PHP Deprecated:  Array and string offset access syntax with curly braces is deprecated in D:\xampp\htdocs\wp-content\plugins\theme-sniffer\vendor\michelf\php-markdown\Michelf\MarkdownExtra.php on line 1074
[09-Jul-2020 04:52:32 UTC] PHP Deprecated:  Array and string offset access syntax with curly braces is deprecated in D:\xampp\htdocs\wp-content\plugins\theme-sniffer\vendor\michelf\php-markdown\Michelf\MarkdownExtra.php on line 1469
[09-Jul-2020 04:52:32 UTC] PHP Deprecated:  Array and string offset access syntax with curly braces is deprecated in D:\xampp\htdocs\wp-content\plugins\theme-sniffer\vendor\michelf\php-markdown\Michelf\Markdown.php on line 955
[09-Jul-2020 04:52:32 UTC] PHP Deprecated:  Array and string offset access syntax with curly braces is deprecated in D:\xampp\htdocs\wp-content\plugins\theme-sniffer\vendor\michelf\php-markdown\Michelf\Markdown.php on line 1361
[09-Jul-2020 04:52:32 UTC] PHP Deprecated:  Array and string offset access syntax with curly braces is deprecated in D:\xampp\htdocs\wp-content\plugins\theme-sniffer\vendor\michelf\php-markdown\Michelf\Markdown.php on line 1386
[09-Jul-2020 04:52:32 UTC] PHP Deprecated:  Array and string offset access syntax with curly braces is deprecated in D:\xampp\htdocs\wp-content\plugins\theme-sniffer\vendor\michelf\php-markdown\Michelf\Markdown.php on line 1799
[09-Jul-2020 04:52:32 UTC] PHP Deprecated:  Array and string offset access syntax with curly braces is deprecated in D:\xampp\htdocs\wp-content\plugins\theme-sniffer\vendor\michelf\php-markdown\Michelf\Markdown.php on line 1801
[09-Jul-2020 04:52:32 UTC] PHP Notice:  Trying to get property 'primary' of non-object in D:\xampp\htdocs\wp-content\plugins\theme-sniffer\src\sniffs\readme\class-license-uri.php on line 45
[09-Jul-2020 04:52:59 UTC] PHP Deprecated:  Array and string offset access syntax with curly braces is deprecated in D:\xampp\htdocs\wp-content\plugins\theme-sniffer\vendor\squizlabs\php_codesniffer\src\Config.php on line 420
[09-Jul-2020 04:52:59 UTC] PHP Deprecated:  Array and string offset access syntax with curly braces is deprecated in D:\xampp\htdocs\wp-content\plugins\theme-sniffer\vendor\squizlabs\php_codesniffer\src\Config.php on line 433
[09-Jul-2020 04:52:59 UTC] PHP Deprecated:  Array and string offset access syntax with curly braces is deprecated in D:\xampp\htdocs\wp-content\plugins\theme-sniffer\vendor\squizlabs\php_codesniffer\src\Config.php on line 889
[09-Jul-2020 04:52:59 UTC] PHP Deprecated:  Array and string offset access syntax with curly braces is deprecated in D:\xampp\htdocs\wp-content\plugins\theme-sniffer\vendor\squizlabs\php_codesniffer\src\Config.php on line 981
[09-Jul-2020 04:52:59 UTC] PHP Deprecated:  Array and string offset access syntax with curly braces is deprecated in D:\xampp\htdocs\wp-content\plugins\theme-sniffer\vendor\squizlabs\php_codesniffer\src\Config.php on line 1059
[09-Jul-2020 04:52:59 UTC] PHP Deprecated:  Array and string offset access syntax with curly braces is deprecated in D:\xampp\htdocs\wp-content\plugins\theme-sniffer\vendor\squizlabs\php_codesniffer\src\Config.php on line 1256
[09-Jul-2020 04:52:59 UTC] PHP Deprecated:  Array and string offset access syntax with curly braces is deprecated in D:\xampp\htdocs\wp-content\plugins\theme-sniffer\vendor\squizlabs\php_codesniffer\src\Util\Common.php on line 323
[09-Jul-2020 04:52:59 UTC] PHP Deprecated:  Array and string offset access syntax with curly braces is deprecated in D:\xampp\htdocs\wp-content\plugins\theme-sniffer\vendor\squizlabs\php_codesniffer\src\Util\Common.php on line 328
[09-Jul-2020 04:52:59 UTC] PHP Deprecated:  Array and string offset access syntax with curly braces is deprecated in D:\xampp\htdocs\wp-content\plugins\theme-sniffer\vendor\squizlabs\php_codesniffer\src\Util\Common.php on line 328
[09-Jul-2020 04:52:59 UTC] PHP Deprecated:  Array and string offset access syntax with curly braces is deprecated in D:\xampp\htdocs\wp-content\plugins\theme-sniffer\vendor\squizlabs\php_codesniffer\src\Util\Common.php on line 374
[09-Jul-2020 04:52:59 UTC] PHP Deprecated:  Array and string offset access syntax with curly braces is deprecated in D:\xampp\htdocs\wp-content\plugins\theme-sniffer\vendor\squizlabs\php_codesniffer\src\Util\Common.php on line 374
[09-Jul-2020 04:52:59 UTC] PHP Deprecated:  Array and string offset access syntax with curly braces is deprecated in D:\xampp\htdocs\wp-content\plugins\theme-sniffer\vendor\michelf\php-markdown\Michelf\MarkdownExtra.php on line 215
[09-Jul-2020 04:52:59 UTC] PHP Deprecated:  Array and string offset access syntax with curly braces is deprecated in D:\xampp\htdocs\wp-content\plugins\theme-sniffer\vendor\michelf\php-markdown\Michelf\MarkdownExtra.php on line 217
[09-Jul-2020 04:52:59 UTC] PHP Deprecated:  Array and string offset access syntax with curly braces is deprecated in D:\xampp\htdocs\wp-content\plugins\theme-sniffer\vendor\michelf\php-markdown\Michelf\MarkdownExtra.php on line 511
[09-Jul-2020 04:52:59 UTC] PHP Deprecated:  Array and string offset access syntax with curly braces is deprecated in D:\xampp\htdocs\wp-content\plugins\theme-sniffer\vendor\michelf\php-markdown\Michelf\MarkdownExtra.php on line 511
[09-Jul-2020 04:52:59 UTC] PHP Deprecated:  Array and string offset access syntax with curly braces is deprecated in D:\xampp\htdocs\wp-content\plugins\theme-sniffer\vendor\michelf\php-markdown\Michelf\MarkdownExtra.php on line 518
[09-Jul-2020 04:52:59 UTC] PHP Deprecated:  Array and string offset access syntax with curly braces is deprecated in D:\xampp\htdocs\wp-content\plugins\theme-sniffer\vendor\michelf\php-markdown\Michelf\MarkdownExtra.php on line 552
[09-Jul-2020 04:52:59 UTC] PHP Deprecated:  Array and string offset access syntax with curly braces is deprecated in D:\xampp\htdocs\wp-content\plugins\theme-sniffer\vendor\michelf\php-markdown\Michelf\MarkdownExtra.php on line 552
[09-Jul-2020 04:52:59 UTC] PHP Deprecated:  Array and string offset access syntax with curly braces is deprecated in D:\xampp\htdocs\wp-content\plugins\theme-sniffer\vendor\michelf\php-markdown\Michelf\MarkdownExtra.php on line 567
[09-Jul-2020 04:52:59 UTC] PHP Deprecated:  Array and string offset access syntax with curly braces is deprecated in D:\xampp\htdocs\wp-content\plugins\theme-sniffer\vendor\michelf\php-markdown\Michelf\MarkdownExtra.php on line 568
[09-Jul-2020 04:52:59 UTC] PHP Deprecated:  Array and string offset access syntax with curly braces is deprecated in D:\xampp\htdocs\wp-content\plugins\theme-sniffer\vendor\michelf\php-markdown\Michelf\MarkdownExtra.php on line 667
[09-Jul-2020 04:52:59 UTC] PHP Deprecated:  Array and string offset access syntax with curly braces is deprecated in D:\xampp\htdocs\wp-content\plugins\theme-sniffer\vendor\michelf\php-markdown\Michelf\MarkdownExtra.php on line 677
[09-Jul-2020 04:52:59 UTC] PHP Deprecated:  Array and string offset access syntax with curly braces is deprecated in D:\xampp\htdocs\wp-content\plugins\theme-sniffer\vendor\michelf\php-markdown\Michelf\MarkdownExtra.php on line 677
[09-Jul-2020 04:52:59 UTC] PHP Deprecated:  Array and string offset access syntax with curly braces is deprecated in D:\xampp\htdocs\wp-content\plugins\theme-sniffer\vendor\michelf\php-markdown\Michelf\MarkdownExtra.php on line 686
[09-Jul-2020 04:52:59 UTC] PHP Deprecated:  Array and string offset access syntax with curly braces is deprecated in D:\xampp\htdocs\wp-content\plugins\theme-sniffer\vendor\michelf\php-markdown\Michelf\MarkdownExtra.php on line 687
[09-Jul-2020 04:52:59 UTC] PHP Deprecated:  Array and string offset access syntax with curly braces is deprecated in D:\xampp\htdocs\wp-content\plugins\theme-sniffer\vendor\michelf\php-markdown\Michelf\MarkdownExtra.php on line 1074
[09-Jul-2020 04:52:59 UTC] PHP Deprecated:  Array and string offset access syntax with curly braces is deprecated in D:\xampp\htdocs\wp-content\plugins\theme-sniffer\vendor\michelf\php-markdown\Michelf\MarkdownExtra.php on line 1469
[09-Jul-2020 04:52:59 UTC] PHP Deprecated:  Array and string offset access syntax with curly braces is deprecated in D:\xampp\htdocs\wp-content\plugins\theme-sniffer\vendor\michelf\php-markdown\Michelf\Markdown.php on line 955
[09-Jul-2020 04:52:59 UTC] PHP Deprecated:  Array and string offset access syntax with curly braces is deprecated in D:\xampp\htdocs\wp-content\plugins\theme-sniffer\vendor\michelf\php-markdown\Michelf\Markdown.php on line 1361
[09-Jul-2020 04:52:59 UTC] PHP Deprecated:  Array and string offset access syntax with curly braces is deprecated in D:\xampp\htdocs\wp-content\plugins\theme-sniffer\vendor\michelf\php-markdown\Michelf\Markdown.php on line 1386
[09-Jul-2020 04:52:59 UTC] PHP Deprecated:  Array and string offset access syntax with curly braces is deprecated in D:\xampp\htdocs\wp-content\plugins\theme-sniffer\vendor\michelf\php-markdown\Michelf\Markdown.php on line 1799
[09-Jul-2020 04:52:59 UTC] PHP Deprecated:  Array and string offset access syntax with curly braces is deprecated in D:\xampp\htdocs\wp-content\plugins\theme-sniffer\vendor\michelf\php-markdown\Michelf\Markdown.php on line 1801
[09-Jul-2020 04:52:59 UTC] PHP Notice:  Trying to get property 'primary' of non-object in D:\xampp\htdocs\wp-content\plugins\theme-sniffer\src\sniffs\readme\class-license-uri.php on line 45
[09-Jul-2020 04:53:09 UTC] PHP Deprecated:  Array and string offset access syntax with curly braces is deprecated in D:\xampp\htdocs\wp-content\plugins\theme-sniffer\vendor\squizlabs\php_codesniffer\src\Config.php on line 420
[09-Jul-2020 04:53:09 UTC] PHP Deprecated:  Array and string offset access syntax with curly braces is deprecated in D:\xampp\htdocs\wp-content\plugins\theme-sniffer\vendor\squizlabs\php_codesniffer\src\Config.php on line 433
[09-Jul-2020 04:53:09 UTC] PHP Deprecated:  Array and string offset access syntax with curly braces is deprecated in D:\xampp\htdocs\wp-content\plugins\theme-sniffer\vendor\squizlabs\php_codesniffer\src\Config.php on line 889
[09-Jul-2020 04:53:09 UTC] PHP Deprecated:  Array and string offset access syntax with curly braces is deprecated in D:\xampp\htdocs\wp-content\plugins\theme-sniffer\vendor\squizlabs\php_codesniffer\src\Config.php on line 981
[09-Jul-2020 04:53:09 UTC] PHP Deprecated:  Array and string offset access syntax with curly braces is deprecated in D:\xampp\htdocs\wp-content\plugins\theme-sniffer\vendor\squizlabs\php_codesniffer\src\Config.php on line 1059
[09-Jul-2020 04:53:09 UTC] PHP Deprecated:  Array and string offset access syntax with curly braces is deprecated in D:\xampp\htdocs\wp-content\plugins\theme-sniffer\vendor\squizlabs\php_codesniffer\src\Config.php on line 1256
[09-Jul-2020 04:53:09 UTC] PHP Deprecated:  Array and string offset access syntax with curly braces is deprecated in D:\xampp\htdocs\wp-content\plugins\theme-sniffer\vendor\squizlabs\php_codesniffer\src\Util\Common.php on line 323
[09-Jul-2020 04:53:09 UTC] PHP Deprecated:  Array and string offset access syntax with curly braces is deprecated in D:\xampp\htdocs\wp-content\plugins\theme-sniffer\vendor\squizlabs\php_codesniffer\src\Util\Common.php on line 328
[09-Jul-2020 04:53:09 UTC] PHP Deprecated:  Array and string offset access syntax with curly braces is deprecated in D:\xampp\htdocs\wp-content\plugins\theme-sniffer\vendor\squizlabs\php_codesniffer\src\Util\Common.php on line 328
[09-Jul-2020 04:53:09 UTC] PHP Deprecated:  Array and string offset access syntax with curly braces is deprecated in D:\xampp\htdocs\wp-content\plugins\theme-sniffer\vendor\squizlabs\php_codesniffer\src\Util\Common.php on line 374
[09-Jul-2020 04:53:09 UTC] PHP Deprecated:  Array and string offset access syntax with curly braces is deprecated in D:\xampp\htdocs\wp-content\plugins\theme-sniffer\vendor\squizlabs\php_codesniffer\src\Util\Common.php on line 374
[09-Jul-2020 04:53:09 UTC] PHP Deprecated:  Array and string offset access syntax with curly braces is deprecated in D:\xampp\htdocs\wp-content\plugins\theme-sniffer\vendor\michelf\php-markdown\Michelf\MarkdownExtra.php on line 215
[09-Jul-2020 04:53:09 UTC] PHP Deprecated:  Array and string offset access syntax with curly braces is deprecated in D:\xampp\htdocs\wp-content\plugins\theme-sniffer\vendor\michelf\php-markdown\Michelf\MarkdownExtra.php on line 217
[09-Jul-2020 04:53:09 UTC] PHP Deprecated:  Array and string offset access syntax with curly braces is deprecated in D:\xampp\htdocs\wp-content\plugins\theme-sniffer\vendor\michelf\php-markdown\Michelf\MarkdownExtra.php on line 511
[09-Jul-2020 04:53:09 UTC] PHP Deprecated:  Array and string offset access syntax with curly braces is deprecated in D:\xampp\htdocs\wp-content\plugins\theme-sniffer\vendor\michelf\php-markdown\Michelf\MarkdownExtra.php on line 511
[09-Jul-2020 04:53:09 UTC] PHP Deprecated:  Array and string offset access syntax with curly braces is deprecated in D:\xampp\htdocs\wp-content\plugins\theme-sniffer\vendor\michelf\php-markdown\Michelf\MarkdownExtra.php on line 518
[09-Jul-2020 04:53:09 UTC] PHP Deprecated:  Array and string offset access syntax with curly braces is deprecated in D:\xampp\htdocs\wp-content\plugins\theme-sniffer\vendor\michelf\php-markdown\Michelf\MarkdownExtra.php on line 552
[09-Jul-2020 04:53:09 UTC] PHP Deprecated:  Array and string offset access syntax with curly braces is deprecated in D:\xampp\htdocs\wp-content\plugins\theme-sniffer\vendor\michelf\php-markdown\Michelf\MarkdownExtra.php on line 552
[09-Jul-2020 04:53:09 UTC] PHP Deprecated:  Array and string offset access syntax with curly braces is deprecated in D:\xampp\htdocs\wp-content\plugins\theme-sniffer\vendor\michelf\php-markdown\Michelf\MarkdownExtra.php on line 567
[09-Jul-2020 04:53:09 UTC] PHP Deprecated:  Array and string offset access syntax with curly braces is deprecated in D:\xampp\htdocs\wp-content\plugins\theme-sniffer\vendor\michelf\php-markdown\Michelf\MarkdownExtra.php on line 568
[09-Jul-2020 04:53:09 UTC] PHP Deprecated:  Array and string offset access syntax with curly braces is deprecated in D:\xampp\htdocs\wp-content\plugins\theme-sniffer\vendor\michelf\php-markdown\Michelf\MarkdownExtra.php on line 667
[09-Jul-2020 04:53:09 UTC] PHP Deprecated:  Array and string offset access syntax with curly braces is deprecated in D:\xampp\htdocs\wp-content\plugins\theme-sniffer\vendor\michelf\php-markdown\Michelf\MarkdownExtra.php on line 677
[09-Jul-2020 04:53:09 UTC] PHP Deprecated:  Array and string offset access syntax with curly braces is deprecated in D:\xampp\htdocs\wp-content\plugins\theme-sniffer\vendor\michelf\php-markdown\Michelf\MarkdownExtra.php on line 677
[09-Jul-2020 04:53:09 UTC] PHP Deprecated:  Array and string offset access syntax with curly braces is deprecated in D:\xampp\htdocs\wp-content\plugins\theme-sniffer\vendor\michelf\php-markdown\Michelf\MarkdownExtra.php on line 686
[09-Jul-2020 04:53:09 UTC] PHP Deprecated:  Array and string offset access syntax with curly braces is deprecated in D:\xampp\htdocs\wp-content\plugins\theme-sniffer\vendor\michelf\php-markdown\Michelf\MarkdownExtra.php on line 687
[09-Jul-2020 04:53:09 UTC] PHP Deprecated:  Array and string offset access syntax with curly braces is deprecated in D:\xampp\htdocs\wp-content\plugins\theme-sniffer\vendor\michelf\php-markdown\Michelf\MarkdownExtra.php on line 1074
[09-Jul-2020 04:53:09 UTC] PHP Deprecated:  Array and string offset access syntax with curly braces is deprecated in D:\xampp\htdocs\wp-content\plugins\theme-sniffer\vendor\michelf\php-markdown\Michelf\MarkdownExtra.php on line 1469
[09-Jul-2020 04:53:09 UTC] PHP Deprecated:  Array and string offset access syntax with curly braces is deprecated in D:\xampp\htdocs\wp-content\plugins\theme-sniffer\vendor\michelf\php-markdown\Michelf\Markdown.php on line 955
[09-Jul-2020 04:53:09 UTC] PHP Deprecated:  Array and string offset access syntax with curly braces is deprecated in D:\xampp\htdocs\wp-content\plugins\theme-sniffer\vendor\michelf\php-markdown\Michelf\Markdown.php on line 1361
[09-Jul-2020 04:53:09 UTC] PHP Deprecated:  Array and string offset access syntax with curly braces is deprecated in D:\xampp\htdocs\wp-content\plugins\theme-sniffer\vendor\michelf\php-markdown\Michelf\Markdown.php on line 1386
[09-Jul-2020 04:53:09 UTC] PHP Deprecated:  Array and string offset access syntax with curly braces is deprecated in D:\xampp\htdocs\wp-content\plugins\theme-sniffer\vendor\michelf\php-markdown\Michelf\Markdown.php on line 1799
[09-Jul-2020 04:53:09 UTC] PHP Deprecated:  Array and string offset access syntax with curly braces is deprecated in D:\xampp\htdocs\wp-content\plugins\theme-sniffer\vendor\michelf\php-markdown\Michelf\Markdown.php on line 1801
[09-Jul-2020 04:53:09 UTC] PHP Notice:  Trying to get property 'primary' of non-object in D:\xampp\htdocs\wp-content\plugins\theme-sniffer\src\sniffs\readme\class-license-uri.php on line 45
[09-Jul-2020 06:42:15 UTC] PHP Fatal error:  Uncaught Error: Call to a member function getConsentPromptHTML() on null in D:\xampp\htdocs\wp-content\plugins\wp-google-maps\includes\class.plugin.php:279
Stack trace:
#0 D:\xampp\htdocs\wp-content\plugins\wp-google-maps\includes\class.script-loader.php(642): WPGMZA\Plugin->getLocalizedData()
#1 D:\xampp\htdocs\wp-content\plugins\wp-google-maps\includes\class.script-loader.php(629): WPGMZA\ScriptLoader->enqueueLocalizedData()
#2 D:\xampp\htdocs\wp-content\plugins\wp-google-maps\includes\class.plugin.php(222): WPGMZA\ScriptLoader->enqueueScripts()
#3 D:\xampp\htdocs\wp-content\plugins\wp-google-maps\includes\3rd-party-integration\class.gutenberg.php(51): WPGMZA\Plugin->loadScripts()
#4 D:\xampp\htdocs\wp-includes\class-wp-hook.php(287): WPGMZA\Integration\Gutenberg->onEnqueueBlockAssets('')
#5 D:\xampp\htdocs\wp-includes\class-wp-hook.php(311): WP_Hook->apply_filters(NULL, Array)
#6 D:\xampp\htdocs\wp-includes\plugin.php(478): WP_Hook->do_action(Array)
#7 D:\xampp\htdocs\wp-includes\script-loader.php(2480): d in D:\xampp\htdocs\wp-content\plugins\wp-google-maps\includes\class.plugin.php on line 279
[09-Jul-2020 06:42:31 UTC] PHP Fatal error:  Uncaught Error: Call to a member function getConsentPromptHTML() on null in D:\xampp\htdocs\wp-content\plugins\wp-google-maps\includes\class.plugin.php:279
Stack trace:
#0 D:\xampp\htdocs\wp-content\plugins\wp-google-maps\includes\class.script-loader.php(642): WPGMZA\Plugin->getLocalizedData()
#1 D:\xampp\htdocs\wp-content\plugins\wp-google-maps\includes\class.script-loader.php(629): WPGMZA\ScriptLoader->enqueueLocalizedData()
#2 D:\xampp\htdocs\wp-content\plugins\wp-google-maps\includes\class.plugin.php(222): WPGMZA\ScriptLoader->enqueueScripts()
#3 D:\xampp\htdocs\wp-content\plugins\wp-google-maps\includes\3rd-party-integration\class.gutenberg.php(51): WPGMZA\Plugin->loadScripts()
#4 D:\xampp\htdocs\wp-includes\class-wp-hook.php(287): WPGMZA\Integration\Gutenberg->onEnqueueBlockAssets('')
#5 D:\xampp\htdocs\wp-includes\class-wp-hook.php(311): WP_Hook->apply_filters(NULL, Array)
#6 D:\xampp\htdocs\wp-includes\plugin.php(478): WP_Hook->do_action(Array)
#7 D:\xampp\htdocs\wp-includes\script-loader.php(2480): d in D:\xampp\htdocs\wp-content\plugins\wp-google-maps\includes\class.plugin.php on line 279
[09-Jul-2020 06:42:36 UTC] PHP Fatal error:  Uncaught Error: Call to a member function getConsentPromptHTML() on null in D:\xampp\htdocs\wp-content\plugins\wp-google-maps\includes\class.plugin.php:279
Stack trace:
#0 D:\xampp\htdocs\wp-content\plugins\wp-google-maps\includes\class.script-loader.php(642): WPGMZA\Plugin->getLocalizedData()
#1 D:\xampp\htdocs\wp-content\plugins\wp-google-maps\includes\class.script-loader.php(629): WPGMZA\ScriptLoader->enqueueLocalizedData()
#2 D:\xampp\htdocs\wp-content\plugins\wp-google-maps\includes\class.plugin.php(222): WPGMZA\ScriptLoader->enqueueScripts()
#3 D:\xampp\htdocs\wp-content\plugins\wp-google-maps\includes\3rd-party-integration\class.gutenberg.php(51): WPGMZA\Plugin->loadScripts()
#4 D:\xampp\htdocs\wp-includes\class-wp-hook.php(287): WPGMZA\Integration\Gutenberg->onEnqueueBlockAssets('')
#5 D:\xampp\htdocs\wp-includes\class-wp-hook.php(311): WP_Hook->apply_filters(NULL, Array)
#6 D:\xampp\htdocs\wp-includes\plugin.php(478): WP_Hook->do_action(Array)
#7 D:\xampp\htdocs\wp-includes\script-loader.php(2480): d in D:\xampp\htdocs\wp-content\plugins\wp-google-maps\includes\class.plugin.php on line 279
[09-Jul-2020 06:43:59 UTC] PHP Fatal error:  Uncaught Error: Call to a member function getConsentPromptHTML() on null in D:\xampp\htdocs\wp-content\plugins\wp-google-maps\includes\class.plugin.php:279
Stack trace:
#0 D:\xampp\htdocs\wp-content\plugins\wp-google-maps\includes\class.script-loader.php(642): WPGMZA\Plugin->getLocalizedData()
#1 D:\xampp\htdocs\wp-content\plugins\wp-google-maps\includes\class.script-loader.php(629): WPGMZA\ScriptLoader->enqueueLocalizedData()
#2 D:\xampp\htdocs\wp-content\plugins\wp-google-maps\includes\class.plugin.php(222): WPGMZA\ScriptLoader->enqueueScripts()
#3 D:\xampp\htdocs\wp-content\plugins\wp-google-maps\includes\3rd-party-integration\class.gutenberg.php(51): WPGMZA\Plugin->loadScripts()
#4 D:\xampp\htdocs\wp-includes\class-wp-hook.php(287): WPGMZA\Integration\Gutenberg->onEnqueueBlockAssets('')
#5 D:\xampp\htdocs\wp-includes\class-wp-hook.php(311): WP_Hook->apply_filters(NULL, Array)
#6 D:\xampp\htdocs\wp-includes\plugin.php(478): WP_Hook->do_action(Array)
#7 D:\xampp\htdocs\wp-includes\script-loader.php(2480): d in D:\xampp\htdocs\wp-content\plugins\wp-google-maps\includes\class.plugin.php on line 279
[09-Jul-2020 07:44:26 UTC] PHP Notice:  Trying to access array offset on value of type bool in D:\xampp\htdocs\wp-includes\ID3\module.audio.mp3.php on line 1782
[09-Jul-2020 09:25:14 UTC] PHP Notice:  Undefined index: month in D:\xampp\htdocs\wp-content\plugins\cookie-notice\cookie-notice.php on line 1558
[09-Jul-2020 09:25:14 UTC] PHP Notice:  Trying to access array offset on value of type null in D:\xampp\htdocs\wp-content\plugins\cookie-notice\cookie-notice.php on line 1558
[09-Jul-2020 09:25:14 UTC] PHP Notice:  Undefined index: month in D:\xampp\htdocs\wp-content\plugins\cookie-notice\cookie-notice.php on line 1559
[09-Jul-2020 09:25:14 UTC] PHP Notice:  Trying to access array offset on value of type null in D:\xampp\htdocs\wp-content\plugins\cookie-notice\cookie-notice.php on line 1559
[09-Jul-2020 09:25:15 UTC] PHP Notice:  Undefined index: month in D:\xampp\htdocs\wp-content\plugins\cookie-notice\cookie-notice.php on line 1558
[09-Jul-2020 09:25:15 UTC] PHP Notice:  Trying to access array offset on value of type null in D:\xampp\htdocs\wp-content\plugins\cookie-notice\cookie-notice.php on line 1558
[09-Jul-2020 09:25:15 UTC] PHP Notice:  Undefined index: month in D:\xampp\htdocs\wp-content\plugins\cookie-notice\cookie-notice.php on line 1559
[09-Jul-2020 09:25:15 UTC] PHP Notice:  Trying to access array offset on value of type null in D:\xampp\htdocs\wp-content\plugins\cookie-notice\cookie-notice.php on line 1559
[09-Jul-2020 09:25:16 UTC] PHP Notice:  Undefined index: month in D:\xampp\htdocs\wp-content\plugins\cookie-notice\cookie-notice.php on line 1558
[09-Jul-2020 09:25:16 UTC] PHP Notice:  Trying to access array offset on value of type null in D:\xampp\htdocs\wp-content\plugins\cookie-notice\cookie-notice.php on line 1558
[09-Jul-2020 09:25:16 UTC] PHP Notice:  Undefined index: month in D:\xampp\htdocs\wp-content\plugins\cookie-notice\cookie-notice.php on line 1559
[09-Jul-2020 09:25:16 UTC] PHP Notice:  Trying to access array offset on value of type null in D:\xampp\htdocs\wp-content\plugins\cookie-notice\cookie-notice.php on line 1559
[09-Jul-2020 09:26:17 UTC] PHP Notice:  Undefined index: month in D:\xampp\htdocs\wp-content\plugins\cookie-notice\cookie-notice.php on line 1558
[09-Jul-2020 09:26:17 UTC] PHP Notice:  Trying to access array offset on value of type null in D:\xampp\htdocs\wp-content\plugins\cookie-notice\cookie-notice.php on line 1558
[09-Jul-2020 09:26:17 UTC] PHP Notice:  Undefined index: month in D:\xampp\htdocs\wp-content\plugins\cookie-notice\cookie-notice.php on line 1559
[09-Jul-2020 09:26:17 UTC] PHP Notice:  Trying to access array offset on value of type null in D:\xampp\htdocs\wp-content\plugins\cookie-notice\cookie-notice.php on line 1559
[09-Jul-2020 09:27:17 UTC] PHP Notice:  Undefined index: month in D:\xampp\htdocs\wp-content\plugins\cookie-notice\cookie-notice.php on line 1558
[09-Jul-2020 09:27:17 UTC] PHP Notice:  Trying to access array offset on value of type null in D:\xampp\htdocs\wp-content\plugins\cookie-notice\cookie-notice.php on line 1558
[09-Jul-2020 09:27:17 UTC] PHP Notice:  Undefined index: month in D:\xampp\htdocs\wp-content\plugins\cookie-notice\cookie-notice.php on line 1559
[09-Jul-2020 09:27:17 UTC] PHP Notice:  Trying to access array offset on value of type null in D:\xampp\htdocs\wp-content\plugins\cookie-notice\cookie-notice.php on line 1559
[09-Jul-2020 09:27:42 UTC] PHP Notice:  Undefined index: month in D:\xampp\htdocs\wp-content\plugins\cookie-notice\cookie-notice.php on line 1558
[09-Jul-2020 09:27:42 UTC] PHP Notice:  Trying to access array offset on value of type null in D:\xampp\htdocs\wp-content\plugins\cookie-notice\cookie-notice.php on line 1558
[09-Jul-2020 09:27:42 UTC] PHP Notice:  Undefined index: month in D:\xampp\htdocs\wp-content\plugins\cookie-notice\cookie-notice.php on line 1559
[09-Jul-2020 09:27:42 UTC] PHP Notice:  Trying to access array offset on value of type null in D:\xampp\htdocs\wp-content\plugins\cookie-notice\cookie-notice.php on line 1559
[09-Jul-2020 09:27:42 UTC] PHP Notice:  Undefined index: hour in D:\xampp\htdocs\wp-content\plugins\cookie-notice\cookie-notice.php on line 1558
[09-Jul-2020 09:27:42 UTC] PHP Notice:  Trying to access array offset on value of type null in D:\xampp\htdocs\wp-content\plugins\cookie-notice\cookie-notice.php on line 1558
[09-Jul-2020 09:27:42 UTC] PHP Notice:  Undefined index: infinity in D:\xampp\htdocs\wp-content\plugins\cookie-notice\cookie-notice.php on line 1559
[09-Jul-2020 09:27:42 UTC] PHP Notice:  Trying to access array offset on value of type null in D:\xampp\htdocs\wp-content\plugins\cookie-notice\cookie-notice.php on line 1559
[09-Jul-2020 09:27:48 UTC] PHP Notice:  Undefined index: hour in D:\xampp\htdocs\wp-content\plugins\cookie-notice\cookie-notice.php on line 1558
[09-Jul-2020 09:27:48 UTC] PHP Notice:  Trying to access array offset on value of type null in D:\xampp\htdocs\wp-content\plugins\cookie-notice\cookie-notice.php on line 1558
[09-Jul-2020 09:27:48 UTC] PHP Notice:  Undefined index: infinity in D:\xampp\htdocs\wp-content\plugins\cookie-notice\cookie-notice.php on line 1559
[09-Jul-2020 09:27:48 UTC] PHP Notice:  Trying to access array offset on value of type null in D:\xampp\htdocs\wp-content\plugins\cookie-notice\cookie-notice.php on line 1559
[09-Jul-2020 09:27:49 UTC] PHP Notice:  Undefined index: hour in D:\xampp\htdocs\wp-content\plugins\cookie-notice\cookie-notice.php on line 1558
[09-Jul-2020 09:27:49 UTC] PHP Notice:  Trying to access array offset on value of type null in D:\xampp\htdocs\wp-content\plugins\cookie-notice\cookie-notice.php on line 1558
[09-Jul-2020 09:27:49 UTC] PHP Notice:  Undefined index: infinity in D:\xampp\htdocs\wp-content\plugins\cookie-notice\cookie-notice.php on line 1559
[09-Jul-2020 09:27:49 UTC] PHP Notice:  Trying to access array offset on value of type null in D:\xampp\htdocs\wp-content\plugins\cookie-notice\cookie-notice.php on line 1559
[09-Jul-2020 09:27:58 UTC] PHP Notice:  Undefined index: hour in D:\xampp\htdocs\wp-content\plugins\cookie-notice\cookie-notice.php on line 1558
[09-Jul-2020 09:27:58 UTC] PHP Notice:  Trying to access array offset on value of type null in D:\xampp\htdocs\wp-content\plugins\cookie-notice\cookie-notice.php on line 1558
[09-Jul-2020 09:27:58 UTC] PHP Notice:  Undefined index: infinity in D:\xampp\htdocs\wp-content\plugins\cookie-notice\cookie-notice.php on line 1559
[09-Jul-2020 09:27:58 UTC] PHP Notice:  Trying to access array offset on value of type null in D:\xampp\htdocs\wp-content\plugins\cookie-notice\cookie-notice.php on line 1559
[09-Jul-2020 09:28:51 UTC] PHP Notice:  Undefined index: hour in D:\xampp\htdocs\wp-content\plugins\cookie-notice\cookie-notice.php on line 1558
[09-Jul-2020 09:28:51 UTC] PHP Notice:  Trying to access array offset on value of type null in D:\xampp\htdocs\wp-content\plugins\cookie-notice\cookie-notice.php on line 1558
[09-Jul-2020 09:28:51 UTC] PHP Notice:  Undefined index: infinity in D:\xampp\htdocs\wp-content\plugins\cookie-notice\cookie-notice.php on line 1559
[09-Jul-2020 09:28:51 UTC] PHP Notice:  Trying to access array offset on value of type null in D:\xampp\htdocs\wp-content\plugins\cookie-notice\cookie-notice.php on line 1559
[09-Jul-2020 09:28:53 UTC] PHP Notice:  Undefined index: 3months in D:\xampp\htdocs\wp-content\plugins\cookie-notice\cookie-notice.php on line 1558
[09-Jul-2020 09:28:53 UTC] PHP Notice:  Trying to access array offset on value of type null in D:\xampp\htdocs\wp-content\plugins\cookie-notice\cookie-notice.php on line 1558
[09-Jul-2020 09:28:53 UTC] PHP Notice:  Undefined index: week in D:\xampp\htdocs\wp-content\plugins\cookie-notice\cookie-notice.php on line 1559
[09-Jul-2020 09:28:53 UTC] PHP Notice:  Trying to access array offset on value of type null in D:\xampp\htdocs\wp-content\plugins\cookie-notice\cookie-notice.php on line 1559
[09-Jul-2020 09:29:00 UTC] PHP Notice:  Undefined index: 3months in D:\xampp\htdocs\wp-content\plugins\cookie-notice\cookie-notice.php on line 1558
[09-Jul-2020 09:29:00 UTC] PHP Notice:  Trying to access array offset on value of type null in D:\xampp\htdocs\wp-content\plugins\cookie-notice\cookie-notice.php on line 1558
[09-Jul-2020 09:29:00 UTC] PHP Notice:  Undefined index: week in D:\xampp\htdocs\wp-content\plugins\cookie-notice\cookie-notice.php on line 1559
[09-Jul-2020 09:29:00 UTC] PHP Notice:  Trying to access array offset on value of type null in D:\xampp\htdocs\wp-content\plugins\cookie-notice\cookie-notice.php on line 1559
[09-Jul-2020 09:29:02 UTC] PHP Notice:  Undefined index: 3months in D:\xampp\htdocs\wp-content\plugins\cookie-notice\cookie-notice.php on line 1558
[09-Jul-2020 09:29:02 UTC] PHP Notice:  Trying to access array offset on value of type null in D:\xampp\htdocs\wp-content\plugins\cookie-notice\cookie-notice.php on line 1558
[09-Jul-2020 09:29:02 UTC] PHP Notice:  Undefined index: week in D:\xampp\htdocs\wp-content\plugins\cookie-notice\cookie-notice.php on line 1559
[09-Jul-2020 09:29:02 UTC] PHP Notice:  Trying to access array offset on value of type null in D:\xampp\htdocs\wp-content\plugins\cookie-notice\cookie-notice.php on line 1559
[09-Jul-2020 09:29:07 UTC] PHP Notice:  Undefined index: 3months in D:\xampp\htdocs\wp-content\plugins\cookie-notice\cookie-notice.php on line 1558
[09-Jul-2020 09:29:07 UTC] PHP Notice:  Trying to access array offset on value of type null in D:\xampp\htdocs\wp-content\plugins\cookie-notice\cookie-notice.php on line 1558
[09-Jul-2020 09:29:07 UTC] PHP Notice:  Undefined index: week in D:\xampp\htdocs\wp-content\plugins\cookie-notice\cookie-notice.php on line 1559
[09-Jul-2020 09:29:07 UTC] PHP Notice:  Trying to access array offset on value of type null in D:\xampp\htdocs\wp-content\plugins\cookie-notice\cookie-notice.php on line 1559
[09-Jul-2020 09:29:07 UTC] PHP Notice:  Undefined index: 3months in D:\xampp\htdocs\wp-content\plugins\cookie-notice\cookie-notice.php on line 1558
[09-Jul-2020 09:29:07 UTC] PHP Notice:  Trying to access array offset on value of type null in D:\xampp\htdocs\wp-content\plugins\cookie-notice\cookie-notice.php on line 1558
[09-Jul-2020 09:29:07 UTC] PHP Notice:  Undefined index: week in D:\xampp\htdocs\wp-content\plugins\cookie-notice\cookie-notice.php on line 1559
[09-Jul-2020 09:29:07 UTC] PHP Notice:  Trying to access array offset on value of type null in D:\xampp\htdocs\wp-content\plugins\cookie-notice\cookie-notice.php on line 1559
[09-Jul-2020 09:29:07 UTC] PHP Notice:  Undefined index: 3months in D:\xampp\htdocs\wp-content\plugins\cookie-notice\cookie-notice.php on line 1558
[09-Jul-2020 09:29:07 UTC] PHP Notice:  Trying to access array offset on value of type null in D:\xampp\htdocs\wp-content\plugins\cookie-notice\cookie-notice.php on line 1558
[09-Jul-2020 09:29:07 UTC] PHP Notice:  Undefined index: week in D:\xampp\htdocs\wp-content\plugins\cookie-notice\cookie-notice.php on line 1559
[09-Jul-2020 09:29:07 UTC] PHP Notice:  Trying to access array offset on value of type null in D:\xampp\htdocs\wp-content\plugins\cookie-notice\cookie-notice.php on line 1559
[09-Jul-2020 09:29:08 UTC] PHP Notice:  Undefined index: 3months in D:\xampp\htdocs\wp-content\plugins\cookie-notice\cookie-notice.php on line 1558
[09-Jul-2020 09:29:08 UTC] PHP Notice:  Trying to access array offset on value of type null in D:\xampp\htdocs\wp-content\plugins\cookie-notice\cookie-notice.php on line 1558
[09-Jul-2020 09:29:08 UTC] PHP Notice:  Undefined index: week in D:\xampp\htdocs\wp-content\plugins\cookie-notice\cookie-notice.php on line 1559
[09-Jul-2020 09:29:08 UTC] PHP Notice:  Trying to access array offset on value of type null in D:\xampp\htdocs\wp-content\plugins\cookie-notice\cookie-notice.php on line 1559
[09-Jul-2020 09:30:07 UTC] PHP Notice:  Undefined index: 3months in D:\xampp\htdocs\wp-content\plugins\cookie-notice\cookie-notice.php on line 1558
[09-Jul-2020 09:30:07 UTC] PHP Notice:  Trying to access array offset on value of type null in D:\xampp\htdocs\wp-content\plugins\cookie-notice\cookie-notice.php on line 1558
[09-Jul-2020 09:30:07 UTC] PHP Notice:  Undefined index: week in D:\xampp\htdocs\wp-content\plugins\cookie-notice\cookie-notice.php on line 1559
[09-Jul-2020 09:30:07 UTC] PHP Notice:  Trying to access array offset on value of type null in D:\xampp\htdocs\wp-content\plugins\cookie-notice\cookie-notice.php on line 1559
[09-Jul-2020 09:32:07 UTC] PHP Notice:  Undefined index: 3months in D:\xampp\htdocs\wp-content\plugins\cookie-notice\cookie-notice.php on line 1558
[09-Jul-2020 09:32:07 UTC] PHP Notice:  Trying to access array offset on value of type null in D:\xampp\htdocs\wp-content\plugins\cookie-notice\cookie-notice.php on line 1558
[09-Jul-2020 09:32:07 UTC] PHP Notice:  Undefined index: week in D:\xampp\htdocs\wp-content\plugins\cookie-notice\cookie-notice.php on line 1559
[09-Jul-2020 09:32:07 UTC] PHP Notice:  Trying to access array offset on value of type null in D:\xampp\htdocs\wp-content\plugins\cookie-notice\cookie-notice.php on line 1559
[09-Jul-2020 09:34:07 UTC] PHP Notice:  Undefined index: 3months in D:\xampp\htdocs\wp-content\plugins\cookie-notice\cookie-notice.php on line 1558
[09-Jul-2020 09:34:07 UTC] PHP Notice:  Trying to access array offset on value of type null in D:\xampp\htdocs\wp-content\plugins\cookie-notice\cookie-notice.php on line 1558
[09-Jul-2020 09:34:07 UTC] PHP Notice:  Undefined index: week in D:\xampp\htdocs\wp-content\plugins\cookie-notice\cookie-notice.php on line 1559
[09-Jul-2020 09:34:07 UTC] PHP Notice:  Trying to access array offset on value of type null in D:\xampp\htdocs\wp-content\plugins\cookie-notice\cookie-notice.php on line 1559
[09-Jul-2020 09:35:08 UTC] PHP Notice:  Undefined index: 3months in D:\xampp\htdocs\wp-content\plugins\cookie-notice\cookie-notice.php on line 1558
[09-Jul-2020 09:35:08 UTC] PHP Notice:  Trying to access array offset on value of type null in D:\xampp\htdocs\wp-content\plugins\cookie-notice\cookie-notice.php on line 1558
[09-Jul-2020 09:35:08 UTC] PHP Notice:  Undefined index: week in D:\xampp\htdocs\wp-content\plugins\cookie-notice\cookie-notice.php on line 1559
[09-Jul-2020 09:35:08 UTC] PHP Notice:  Trying to access array offset on value of type null in D:\xampp\htdocs\wp-content\plugins\cookie-notice\cookie-notice.php on line 1559
[09-Jul-2020 09:35:56 UTC] PHP Notice:  Undefined index: 3months in D:\xampp\htdocs\wp-content\plugins\cookie-notice\cookie-notice.php on line 1558
[09-Jul-2020 09:35:56 UTC] PHP Notice:  Trying to access array offset on value of type null in D:\xampp\htdocs\wp-content\plugins\cookie-notice\cookie-notice.php on line 1558
[09-Jul-2020 09:35:56 UTC] PHP Notice:  Undefined index: week in D:\xampp\htdocs\wp-content\plugins\cookie-notice\cookie-notice.php on line 1559
[09-Jul-2020 09:35:56 UTC] PHP Notice:  Trying to access array offset on value of type null in D:\xampp\htdocs\wp-content\plugins\cookie-notice\cookie-notice.php on line 1559
[09-Jul-2020 09:35:58 UTC] PHP Notice:  Undefined index: 3months in D:\xampp\htdocs\wp-content\plugins\cookie-notice\cookie-notice.php on line 1558
[09-Jul-2020 09:35:58 UTC] PHP Notice:  Trying to access array offset on value of type null in D:\xampp\htdocs\wp-content\plugins\cookie-notice\cookie-notice.php on line 1558
[09-Jul-2020 09:35:58 UTC] PHP Notice:  Undefined index: week in D:\xampp\htdocs\wp-content\plugins\cookie-notice\cookie-notice.php on line 1559
[09-Jul-2020 09:35:58 UTC] PHP Notice:  Trying to access array offset on value of type null in D:\xampp\htdocs\wp-content\plugins\cookie-notice\cookie-notice.php on line 1559
[09-Jul-2020 09:35:59 UTC] PHP Notice:  Undefined index: 3months in D:\xampp\htdocs\wp-content\plugins\cookie-notice\cookie-notice.php on line 1558
[09-Jul-2020 09:35:59 UTC] PHP Notice:  Trying to access array offset on value of type null in D:\xampp\htdocs\wp-content\plugins\cookie-notice\cookie-notice.php on line 1558
[09-Jul-2020 09:35:59 UTC] PHP Notice:  Undefined index: week in D:\xampp\htdocs\wp-content\plugins\cookie-notice\cookie-notice.php on line 1559
[09-Jul-2020 09:35:59 UTC] PHP Notice:  Trying to access array offset on value of type null in D:\xampp\htdocs\wp-content\plugins\cookie-notice\cookie-notice.php on line 1559
[09-Jul-2020 09:36:00 UTC] PHP Notice:  Undefined index: 3months in D:\xampp\htdocs\wp-content\plugins\cookie-notice\cookie-notice.php on line 1558
[09-Jul-2020 09:36:00 UTC] PHP Notice:  Trying to access array offset on value of type null in D:\xampp\htdocs\wp-content\plugins\cookie-notice\cookie-notice.php on line 1558
[09-Jul-2020 09:36:00 UTC] PHP Notice:  Undefined index: week in D:\xampp\htdocs\wp-content\plugins\cookie-notice\cookie-notice.php on line 1559
[09-Jul-2020 09:36:00 UTC] PHP Notice:  Trying to access array offset on value of type null in D:\xampp\htdocs\wp-content\plugins\cookie-notice\cookie-notice.php on line 1559
[09-Jul-2020 09:36:00 UTC] PHP Notice:  Undefined index: 3months in D:\xampp\htdocs\wp-content\plugins\cookie-notice\cookie-notice.php on line 1558
[09-Jul-2020 09:36:00 UTC] PHP Notice:  Trying to access array offset on value of type null in D:\xampp\htdocs\wp-content\plugins\cookie-notice\cookie-notice.php on line 1558
[09-Jul-2020 09:36:00 UTC] PHP Notice:  Undefined index: week in D:\xampp\htdocs\wp-content\plugins\cookie-notice\cookie-notice.php on line 1559
[09-Jul-2020 09:36:00 UTC] PHP Notice:  Trying to access array offset on value of type null in D:\xampp\htdocs\wp-content\plugins\cookie-notice\cookie-notice.php on line 1559
[09-Jul-2020 09:36:04 UTC] PHP Notice:  Undefined index: 3months in D:\xampp\htdocs\wp-content\plugins\cookie-notice\cookie-notice.php on line 1558
[09-Jul-2020 09:36:04 UTC] PHP Notice:  Trying to access array offset on value of type null in D:\xampp\htdocs\wp-content\plugins\cookie-notice\cookie-notice.php on line 1558
[09-Jul-2020 09:36:04 UTC] PHP Notice:  Undefined index: week in D:\xampp\htdocs\wp-content\plugins\cookie-notice\cookie-notice.php on line 1559
[09-Jul-2020 09:36:04 UTC] PHP Notice:  Trying to access array offset on value of type null in D:\xampp\htdocs\wp-content\plugins\cookie-notice\cookie-notice.php on line 1559
[09-Jul-2020 09:36:09 UTC] PHP Notice:  Undefined index: 3months in D:\xampp\htdocs\wp-content\plugins\cookie-notice\cookie-notice.php on line 1558
[09-Jul-2020 09:36:09 UTC] PHP Notice:  Trying to access array offset on value of type null in D:\xampp\htdocs\wp-content\plugins\cookie-notice\cookie-notice.php on line 1558
[09-Jul-2020 09:36:09 UTC] PHP Notice:  Undefined index: week in D:\xampp\htdocs\wp-content\plugins\cookie-notice\cookie-notice.php on line 1559
[09-Jul-2020 09:36:09 UTC] PHP Notice:  Trying to access array offset on value of type null in D:\xampp\htdocs\wp-content\plugins\cookie-notice\cookie-notice.php on line 1559
[09-Jul-2020 09:36:13 UTC] PHP Notice:  Undefined index: 3months in D:\xampp\htdocs\wp-content\plugins\cookie-notice\cookie-notice.php on line 1558
[09-Jul-2020 09:36:13 UTC] PHP Notice:  Trying to access array offset on value of type null in D:\xampp\htdocs\wp-content\plugins\cookie-notice\cookie-notice.php on line 1558
[09-Jul-2020 09:36:13 UTC] PHP Notice:  Undefined index: week in D:\xampp\htdocs\wp-content\plugins\cookie-notice\cookie-notice.php on line 1559
[09-Jul-2020 09:36:13 UTC] PHP Notice:  Trying to access array offset on value of type null in D:\xampp\htdocs\wp-content\plugins\cookie-notice\cookie-notice.php on line 1559
[09-Jul-2020 09:36:14 UTC] PHP Notice:  Undefined index: 3months in D:\xampp\htdocs\wp-content\plugins\cookie-notice\cookie-notice.php on line 1558
[09-Jul-2020 09:36:14 UTC] PHP Notice:  Trying to access array offset on value of type null in D:\xampp\htdocs\wp-content\plugins\cookie-notice\cookie-notice.php on line 1558
[09-Jul-2020 09:36:14 UTC] PHP Notice:  Undefined index: week in D:\xampp\htdocs\wp-content\plugins\cookie-notice\cookie-notice.php on line 1559
[09-Jul-2020 09:36:14 UTC] PHP Notice:  Trying to access array offset on value of type null in D:\xampp\htdocs\wp-content\plugins\cookie-notice\cookie-notice.php on line 1559
[09-Jul-2020 09:36:25 UTC] PHP Notice:  Undefined index: 3months in D:\xampp\htdocs\wp-content\plugins\cookie-notice\cookie-notice.php on line 1558
[09-Jul-2020 09:36:25 UTC] PHP Notice:  Trying to access array offset on value of type null in D:\xampp\htdocs\wp-content\plugins\cookie-notice\cookie-notice.php on line 1558
[09-Jul-2020 09:36:25 UTC] PHP Notice:  Undefined index: week in D:\xampp\htdocs\wp-content\plugins\cookie-notice\cookie-notice.php on line 1559
[09-Jul-2020 09:36:25 UTC] PHP Notice:  Trying to access array offset on value of type null in D:\xampp\htdocs\wp-content\plugins\cookie-notice\cookie-notice.php on line 1559
[09-Jul-2020 09:36:26 UTC] PHP Notice:  Undefined index: 3months in D:\xampp\htdocs\wp-content\plugins\cookie-notice\cookie-notice.php on line 1558
[09-Jul-2020 09:36:26 UTC] PHP Notice:  Trying to access array offset on value of type null in D:\xampp\htdocs\wp-content\plugins\cookie-notice\cookie-notice.php on line 1558
[09-Jul-2020 09:36:26 UTC] PHP Notice:  Undefined index: week in D:\xampp\htdocs\wp-content\plugins\cookie-notice\cookie-notice.php on line 1559
[09-Jul-2020 09:36:26 UTC] PHP Notice:  Trying to access array offset on value of type null in D:\xampp\htdocs\wp-content\plugins\cookie-notice\cookie-notice.php on line 1559
[09-Jul-2020 09:36:34 UTC] PHP Notice:  Undefined index: 3months in D:\xampp\htdocs\wp-content\plugins\cookie-notice\cookie-notice.php on line 1558
[09-Jul-2020 09:36:34 UTC] PHP Notice:  Trying to access array offset on value of type null in D:\xampp\htdocs\wp-content\plugins\cookie-notice\cookie-notice.php on line 1558
[09-Jul-2020 09:36:34 UTC] PHP Notice:  Undefined index: week in D:\xampp\htdocs\wp-content\plugins\cookie-notice\cookie-notice.php on line 1559
[09-Jul-2020 09:36:34 UTC] PHP Notice:  Trying to access array offset on value of type null in D:\xampp\htdocs\wp-content\plugins\cookie-notice\cookie-notice.php on line 1559
[09-Jul-2020 09:36:35 UTC] PHP Notice:  Undefined index: 3months in D:\xampp\htdocs\wp-content\plugins\cookie-notice\cookie-notice.php on line 1558
[09-Jul-2020 09:36:35 UTC] PHP Notice:  Trying to access array offset on value of type null in D:\xampp\htdocs\wp-content\plugins\cookie-notice\cookie-notice.php on line 1558
[09-Jul-2020 09:36:35 UTC] PHP Notice:  Undefined index: week in D:\xampp\htdocs\wp-content\plugins\cookie-notice\cookie-notice.php on line 1559
[09-Jul-2020 09:36:35 UTC] PHP Notice:  Trying to access array offset on value of type null in D:\xampp\htdocs\wp-content\plugins\cookie-notice\cookie-notice.php on line 1559
[09-Jul-2020 09:36:35 UTC] PHP Notice:  Undefined index: 3months in D:\xampp\htdocs\wp-content\plugins\cookie-notice\cookie-notice.php on line 1558
[09-Jul-2020 09:36:35 UTC] PHP Notice:  Trying to access array offset on value of type null in D:\xampp\htdocs\wp-content\plugins\cookie-notice\cookie-notice.php on line 1558
[09-Jul-2020 09:36:35 UTC] PHP Notice:  Undefined index: week in D:\xampp\htdocs\wp-content\plugins\cookie-notice\cookie-notice.php on line 1559
[09-Jul-2020 09:36:35 UTC] PHP Notice:  Trying to access array offset on value of type null in D:\xampp\htdocs\wp-content\plugins\cookie-notice\cookie-notice.php on line 1559
[09-Jul-2020 09:36:36 UTC] PHP Notice:  Undefined index: 3months in D:\xampp\htdocs\wp-content\plugins\cookie-notice\cookie-notice.php on line 1558
[09-Jul-2020 09:36:36 UTC] PHP Notice:  Trying to access array offset on value of type null in D:\xampp\htdocs\wp-content\plugins\cookie-notice\cookie-notice.php on line 1558
[09-Jul-2020 09:36:36 UTC] PHP Notice:  Undefined index: week in D:\xampp\htdocs\wp-content\plugins\cookie-notice\cookie-notice.php on line 1559
[09-Jul-2020 09:36:36 UTC] PHP Notice:  Trying to access array offset on value of type null in D:\xampp\htdocs\wp-content\plugins\cookie-notice\cookie-notice.php on line 1559
[09-Jul-2020 09:36:54 UTC] PHP Notice:  Undefined index: 3months in D:\xampp\htdocs\wp-content\plugins\cookie-notice\cookie-notice.php on line 1558
[09-Jul-2020 09:36:54 UTC] PHP Notice:  Trying to access array offset on value of type null in D:\xampp\htdocs\wp-content\plugins\cookie-notice\cookie-notice.php on line 1558
[09-Jul-2020 09:36:54 UTC] PHP Notice:  Undefined index: week in D:\xampp\htdocs\wp-content\plugins\cookie-notice\cookie-notice.php on line 1559
[09-Jul-2020 09:36:54 UTC] PHP Notice:  Trying to access array offset on value of type null in D:\xampp\htdocs\wp-content\plugins\cookie-notice\cookie-notice.php on line 1559
[09-Jul-2020 09:36:54 UTC] PHP Notice:  Undefined index: 3months in D:\xampp\htdocs\wp-content\plugins\cookie-notice\cookie-notice.php on line 1558
[09-Jul-2020 09:36:54 UTC] PHP Notice:  Trying to access array offset on value of type null in D:\xampp\htdocs\wp-content\plugins\cookie-notice\cookie-notice.php on line 1558
[09-Jul-2020 09:36:54 UTC] PHP Notice:  Undefined index: week in D:\xampp\htdocs\wp-content\plugins\cookie-notice\cookie-notice.php on line 1559
[09-Jul-2020 09:36:54 UTC] PHP Notice:  Trying to access array offset on value of type null in D:\xampp\htdocs\wp-content\plugins\cookie-notice\cookie-notice.php on line 1559
[09-Jul-2020 09:37:00 UTC] PHP Notice:  Undefined index: 3months in D:\xampp\htdocs\wp-content\plugins\cookie-notice\cookie-notice.php on line 1558
[09-Jul-2020 09:37:00 UTC] PHP Notice:  Trying to access array offset on value of type null in D:\xampp\htdocs\wp-content\plugins\cookie-notice\cookie-notice.php on line 1558
[09-Jul-2020 09:37:00 UTC] PHP Notice:  Undefined index: week in D:\xampp\htdocs\wp-content\plugins\cookie-notice\cookie-notice.php on line 1559
[09-Jul-2020 09:37:00 UTC] PHP Notice:  Trying to access array offset on value of type null in D:\xampp\htdocs\wp-content\plugins\cookie-notice\cookie-notice.php on line 1559
[09-Jul-2020 09:37:00 UTC] PHP Notice:  Undefined index: 3months in D:\xampp\htdocs\wp-content\plugins\cookie-notice\cookie-notice.php on line 1558
[09-Jul-2020 09:37:00 UTC] PHP Notice:  Trying to access array offset on value of type null in D:\xampp\htdocs\wp-content\plugins\cookie-notice\cookie-notice.php on line 1558
[09-Jul-2020 09:37:00 UTC] PHP Notice:  Undefined index: week in D:\xampp\htdocs\wp-content\plugins\cookie-notice\cookie-notice.php on line 1559
[09-Jul-2020 09:37:00 UTC] PHP Notice:  Trying to access array offset on value of type null in D:\xampp\htdocs\wp-content\plugins\cookie-notice\cookie-notice.php on line 1559
[09-Jul-2020 09:37:08 UTC] PHP Notice:  Undefined index: 3months in D:\xampp\htdocs\wp-content\plugins\cookie-notice\cookie-notice.php on line 1558
[09-Jul-2020 09:37:08 UTC] PHP Notice:  Trying to access array offset on value of type null in D:\xampp\htdocs\wp-content\plugins\cookie-notice\cookie-notice.php on line 1558
[09-Jul-2020 09:37:08 UTC] PHP Notice:  Undefined index: week in D:\xampp\htdocs\wp-content\plugins\cookie-notice\cookie-notice.php on line 1559
[09-Jul-2020 09:37:08 UTC] PHP Notice:  Trying to access array offset on value of type null in D:\xampp\htdocs\wp-content\plugins\cookie-notice\cookie-notice.php on line 1559
[09-Jul-2020 09:37:55 UTC] PHP Notice:  Undefined index: 3months in D:\xampp\htdocs\wp-content\plugins\cookie-notice\cookie-notice.php on line 1558
[09-Jul-2020 09:37:55 UTC] PHP Notice:  Trying to access array offset on value of type null in D:\xampp\htdocs\wp-content\plugins\cookie-notice\cookie-notice.php on line 1558
[09-Jul-2020 09:37:55 UTC] PHP Notice:  Undefined index: week in D:\xampp\htdocs\wp-content\plugins\cookie-notice\cookie-notice.php on line 1559
[09-Jul-2020 09:37:55 UTC] PHP Notice:  Trying to access array offset on value of type null in D:\xampp\htdocs\wp-content\plugins\cookie-notice\cookie-notice.php on line 1559
[09-Jul-2020 09:37:57 UTC] PHP Notice:  Undefined index: 3months in D:\xampp\htdocs\wp-content\plugins\cookie-notice\cookie-notice.php on line 1558
[09-Jul-2020 09:37:57 UTC] PHP Notice:  Trying to access array offset on value of type null in D:\xampp\htdocs\wp-content\plugins\cookie-notice\cookie-notice.php on line 1558
[09-Jul-2020 09:37:57 UTC] PHP Notice:  Undefined index: week in D:\xampp\htdocs\wp-content\plugins\cookie-notice\cookie-notice.php on line 1559
[09-Jul-2020 09:37:57 UTC] PHP Notice:  Trying to access array offset on value of type null in D:\xampp\htdocs\wp-content\plugins\cookie-notice\cookie-notice.php on line 1559
[09-Jul-2020 09:37:58 UTC] PHP Notice:  Undefined index: 3months in D:\xampp\htdocs\wp-content\plugins\cookie-notice\cookie-notice.php on line 1558
[09-Jul-2020 09:37:58 UTC] PHP Notice:  Trying to access array offset on value of type null in D:\xampp\htdocs\wp-content\plugins\cookie-notice\cookie-notice.php on line 1558
[09-Jul-2020 09:37:58 UTC] PHP Notice:  Undefined index: week in D:\xampp\htdocs\wp-content\plugins\cookie-notice\cookie-notice.php on line 1559
[09-Jul-2020 09:37:58 UTC] PHP Notice:  Trying to access array offset on value of type null in D:\xampp\htdocs\wp-content\plugins\cookie-notice\cookie-notice.php on line 1559
[09-Jul-2020 09:37:58 UTC] PHP Notice:  Undefined index: 3months in D:\xampp\htdocs\wp-content\plugins\cookie-notice\cookie-notice.php on line 1558
[09-Jul-2020 09:37:58 UTC] PHP Notice:  Trying to access array offset on value of type null in D:\xampp\htdocs\wp-content\plugins\cookie-notice\cookie-notice.php on line 1558
[09-Jul-2020 09:37:58 UTC] PHP Notice:  Undefined index: week in D:\xampp\htdocs\wp-content\plugins\cookie-notice\cookie-notice.php on line 1559
[09-Jul-2020 09:37:58 UTC] PHP Notice:  Trying to access array offset on value of type null in D:\xampp\htdocs\wp-content\plugins\cookie-notice\cookie-notice.php on line 1559
[09-Jul-2020 09:38:24 UTC] PHP Notice:  Undefined index: 3months in D:\xampp\htdocs\wp-content\plugins\cookie-notice\cookie-notice.php on line 1558
[09-Jul-2020 09:38:24 UTC] PHP Notice:  Trying to access array offset on value of type null in D:\xampp\htdocs\wp-content\plugins\cookie-notice\cookie-notice.php on line 1558
[09-Jul-2020 09:38:24 UTC] PHP Notice:  Undefined index: week in D:\xampp\htdocs\wp-content\plugins\cookie-notice\cookie-notice.php on line 1559
[09-Jul-2020 09:38:24 UTC] PHP Notice:  Trying to access array offset on value of type null in D:\xampp\htdocs\wp-content\plugins\cookie-notice\cookie-notice.php on line 1559
[09-Jul-2020 09:38:27 UTC] PHP Notice:  Undefined index: 3months in D:\xampp\htdocs\wp-content\plugins\cookie-notice\cookie-notice.php on line 1558
[09-Jul-2020 09:38:27 UTC] PHP Notice:  Trying to access array offset on value of type null in D:\xampp\htdocs\wp-content\plugins\cookie-notice\cookie-notice.php on line 1558
[09-Jul-2020 09:38:27 UTC] PHP Notice:  Undefined index: week in D:\xampp\htdocs\wp-content\plugins\cookie-notice\cookie-notice.php on line 1559
[09-Jul-2020 09:38:27 UTC] PHP Notice:  Trying to access array offset on value of type null in D:\xampp\htdocs\wp-content\plugins\cookie-notice\cookie-notice.php on line 1559
[09-Jul-2020 09:38:27 UTC] PHP Notice:  Undefined index: 3months in D:\xampp\htdocs\wp-content\plugins\cookie-notice\cookie-notice.php on line 1558
[09-Jul-2020 09:38:27 UTC] PHP Notice:  Trying to access array offset on value of type null in D:\xampp\htdocs\wp-content\plugins\cookie-notice\cookie-notice.php on line 1558
[09-Jul-2020 09:38:27 UTC] PHP Notice:  Undefined index: week in D:\xampp\htdocs\wp-content\plugins\cookie-notice\cookie-notice.php on line 1559
[09-Jul-2020 09:38:27 UTC] PHP Notice:  Trying to access array offset on value of type null in D:\xampp\htdocs\wp-content\plugins\cookie-notice\cookie-notice.php on line 1559
[09-Jul-2020 09:38:40 UTC] PHP Notice:  Undefined index: 3months in D:\xampp\htdocs\wp-content\plugins\cookie-notice\cookie-notice.php on line 1558
[09-Jul-2020 09:38:40 UTC] PHP Notice:  Trying to access array offset on value of type null in D:\xampp\htdocs\wp-content\plugins\cookie-notice\cookie-notice.php on line 1558
[09-Jul-2020 09:38:40 UTC] PHP Notice:  Undefined index: week in D:\xampp\htdocs\wp-content\plugins\cookie-notice\cookie-notice.php on line 1559
[09-Jul-2020 09:38:40 UTC] PHP Notice:  Trying to access array offset on value of type null in D:\xampp\htdocs\wp-content\plugins\cookie-notice\cookie-notice.php on line 1559
[09-Jul-2020 09:38:41 UTC] PHP Notice:  Undefined index: 3months in D:\xampp\htdocs\wp-content\plugins\cookie-notice\cookie-notice.php on line 1558
[09-Jul-2020 09:38:41 UTC] PHP Notice:  Trying to access array offset on value of type null in D:\xampp\htdocs\wp-content\plugins\cookie-notice\cookie-notice.php on line 1558
[09-Jul-2020 09:38:41 UTC] PHP Notice:  Undefined index: week in D:\xampp\htdocs\wp-content\plugins\cookie-notice\cookie-notice.php on line 1559
[09-Jul-2020 09:38:41 UTC] PHP Notice:  Trying to access array offset on value of type null in D:\xampp\htdocs\wp-content\plugins\cookie-notice\cookie-notice.php on line 1559
[09-Jul-2020 09:38:43 UTC] PHP Notice:  Undefined index: 3months in D:\xampp\htdocs\wp-content\plugins\cookie-notice\cookie-notice.php on line 1558
[09-Jul-2020 09:38:43 UTC] PHP Notice:  Trying to access array offset on value of type null in D:\xampp\htdocs\wp-content\plugins\cookie-notice\cookie-notice.php on line 1558
[09-Jul-2020 09:38:43 UTC] PHP Notice:  Undefined index: week in D:\xampp\htdocs\wp-content\plugins\cookie-notice\cookie-notice.php on line 1559
[09-Jul-2020 09:38:43 UTC] PHP Notice:  Trying to access array offset on value of type null in D:\xampp\htdocs\wp-content\plugins\cookie-notice\cookie-notice.php on line 1559
